{
 "stats": {
  "population": 703,
  "kate_covered": 40,
  "reproduced_any_points": 227,
  "reproduced_full_points": 35,
  "reproduced_any_not_in_kate": 191,
  "reproduced_full_not_in_kate": 30,
  "gap_full_cpu_only": 20,
  "gap_any_cpu_only": 82,
  "never_attempted": 444
 },
 "rows": [
  {
   "orid": "bu6M0Bo6PO",
   "title": "$\\texttt{FlashSchNet}$: Fast and Accurate Coarse-Grained Neural Network Molecular Dynamics",
   "area": "Applications",
   "n_claims": 6,
   "gpu": true,
   "data_access": "simulation_or_synthetic",
   "n_solutions": 0,
   "best_points": 0,
   "best_max": 0,
   "reproduced_any": false,
   "reproduced_full": false,
   "kate_covered": false
  },
  {
   "orid": "kHPIJ7KVCw",
   "title": "(Be Cautious!) Bio-Foundation Models Are Not Yet Robust to Biologically Plausible Perturbations and ML Transformations",
   "area": "Applications",
   "n_claims": 0,
   "gpu": true,
   "data_access": "open_or_public_signal",
   "n_solutions": 2,
   "best_points": 4,
   "best_max": 6,
   "reproduced_any": true,
   "reproduced_full": false,
   "kate_covered": false
  },
  {
   "orid": "tDWaPO0Cim",
   "title": "3D Scene Assertion Verification",
   "area": "Applications",
   "n_claims": 0,
   "gpu": true,
   "data_access": "simulation_or_synthetic",
   "n_solutions": 0,
   "best_points": 0,
   "best_max": 0,
   "reproduced_any": false,
   "reproduced_full": false,
   "kate_covered": false
  },
  {
   "orid": "TH6pLxCOQ3",
   "title": "3DMedAgent: Unified Perception-to-Understanding for 3D Medical Analysis",
   "area": "Applications",
   "n_claims": 6,
   "gpu": true,
   "data_access": "open_or_public_signal",
   "n_solutions": 1,
   "best_points": 3,
   "best_max": 12,
   "reproduced_any": true,
   "reproduced_full": false,
   "kate_covered": true
  },
  {
   "orid": "Hm8OEDKpiO",
   "title": "3ViewSense: Spatial and Mental Perspective Reasoning from Orthographic Views in Vision-Language Models",
   "area": "Applications",
   "n_claims": 5,
   "gpu": true,
   "data_access": "simulation_or_synthetic",
   "n_solutions": 1,
   "best_points": 2,
   "best_max": 10,
   "reproduced_any": true,
   "reproduced_full": false,
   "kate_covered": false
  },
  {
   "orid": "fve4MEzeSp",
   "title": "A Conflict-aware Evidential Framework for Reliable Sleep Stage Classification",
   "area": "Applications",
   "n_claims": 5,
   "gpu": true,
   "data_access": "open_or_public_signal",
   "n_solutions": 1,
   "best_points": 1,
   "best_max": 10,
   "reproduced_any": true,
   "reproduced_full": false,
   "kate_covered": true
  },
  {
   "orid": "lbppqtDUKn",
   "title": "A Deep Learning Model of Mental Rotation Informed by Interactive VR Experiments",
   "area": "Applications",
   "n_claims": 5,
   "gpu": true,
   "data_access": "simulation_or_synthetic",
   "n_solutions": 0,
   "best_points": 0,
   "best_max": 0,
   "reproduced_any": false,
   "reproduced_full": false,
   "kate_covered": false
  },
  {
   "orid": "QvIbmX9jBr",
   "title": "A Factorized Low-Rank RNN Framework for Uncovering Independent Neural Latent Dynamics and Connectivity",
   "area": "Applications",
   "n_claims": 5,
   "gpu": true,
   "data_access": "open_or_public_signal",
   "n_solutions": 0,
   "best_points": 0,
   "best_max": 0,
   "reproduced_any": false,
   "reproduced_full": false,
   "kate_covered": false
  },
  {
   "orid": "QEEwlgt8PI",
   "title": "A Geometric Lens on Physics-Aligned Data Compression",
   "area": "Applications",
   "n_claims": 6,
   "gpu": false,
   "data_access": "open_or_public_signal",
   "n_solutions": 0,
   "best_points": 0,
   "best_max": 0,
   "reproduced_any": false,
   "reproduced_full": false,
   "kate_covered": false
  },
  {
   "orid": "LQNrpOXqoB",
   "title": "A Hypertoroidal Covering for Perfect Color Equivariance",
   "area": "Applications",
   "n_claims": 6,
   "gpu": false,
   "data_access": "simulation_or_synthetic",
   "n_solutions": 0,
   "best_points": 0,
   "best_max": 0,
   "reproduced_any": false,
   "reproduced_full": false,
   "kate_covered": false
  },
  {
   "orid": "sI3UUkXJxs",
   "title": "A Regime-Aware Trajectory Prediction Framework for 1000+ Systems Biology Models",
   "area": "Applications",
   "n_claims": 0,
   "gpu": true,
   "data_access": "simulation_or_synthetic",
   "n_solutions": 0,
   "best_points": 0,
   "best_max": 0,
   "reproduced_any": false,
   "reproduced_full": false,
   "kate_covered": false
  },
  {
   "orid": "dDGxzaRkxO",
   "title": "A Spiking Heterogeneous Harmonic Resonate-and-Fire State Space Model for Time Series",
   "area": "Applications",
   "n_claims": 0,
   "gpu": true,
   "data_access": "open_or_public_signal",
   "n_solutions": 0,
   "best_points": 0,
   "best_max": 0,
   "reproduced_any": false,
   "reproduced_full": false,
   "kate_covered": false
  },
  {
   "orid": "T4Ibp5vLpE",
   "title": "A hitchhiker's guide to Poisson gradient estimation",
   "area": "Applications",
   "n_claims": 5,
   "gpu": false,
   "data_access": "simulation_or_synthetic",
   "n_solutions": 2,
   "best_points": 6,
   "best_max": 10,
   "reproduced_any": true,
   "reproduced_full": false,
   "kate_covered": false
  },
  {
   "orid": "4fX2DEypNL",
   "title": "A$^2$SG: Adaptive and Asymmetric Surrogate Gradients for Training Deep Spiking Neural Networks",
   "area": "Applications",
   "n_claims": 6,
   "gpu": true,
   "data_access": "open_or_public_signal",
   "n_solutions": 2,
   "best_points": 4,
   "best_max": 12,
   "reproduced_any": true,
   "reproduced_full": false,
   "kate_covered": false
  },
  {
   "orid": "IaZmw8c9U4",
   "title": "ADHD Disease Detection Based on Short- and Long-Term Brain Function Encoding and Memory Graph Network",
   "area": "Applications",
   "n_claims": 0,
   "gpu": false,
   "data_access": "open_or_public_signal",
   "n_solutions": 0,
   "best_points": 0,
   "best_max": 0,
   "reproduced_any": false,
   "reproduced_full": false,
   "kate_covered": false
  },
  {
   "orid": "QZO3oby12w",
   "title": "AI Engram: In Search of Memory Traces in Artificial Intelligence",
   "area": "Applications",
   "n_claims": 5,
   "gpu": true,
   "data_access": "simulation_or_synthetic",
   "n_solutions": 2,
   "best_points": 6,
   "best_max": 10,
   "reproduced_any": true,
   "reproduced_full": false,
   "kate_covered": false
  },
  {
   "orid": "5lIJrDCQll",
   "title": "APEX: Approximate-but-exhaustive search for ultra-large combinatorial synthesis libraries",
   "area": "Applications",
   "n_claims": 6,
   "gpu": true,
   "data_access": "simulation_or_synthetic",
   "n_solutions": 2,
   "best_points": 2,
   "best_max": 12,
   "reproduced_any": true,
   "reproduced_full": false,
   "kate_covered": false
  },
  {
   "orid": "n5Ds4qbtjM",
   "title": "Abstraction Induces the Brain Alignment of Language and Speech Models",
   "area": "Applications",
   "n_claims": 5,
   "gpu": true,
   "data_access": "unknown",
   "n_solutions": 0,
   "best_points": 0,
   "best_max": 0,
   "reproduced_any": false,
   "reproduced_full": false,
   "kate_covered": false
  },
  {
   "orid": "ZLraoxBly2",
   "title": "Active Timepoint Selection for Learning Measure-Valued Trajectories",
   "area": "Applications",
   "n_claims": 5,
   "gpu": false,
   "data_access": "open_or_public_signal",
   "n_solutions": 0,
   "best_points": 0,
   "best_max": 0,
   "reproduced_any": false,
   "reproduced_full": false,
   "kate_covered": false
  },
  {
   "orid": "iQjyBjSDFp",
   "title": "AdaS: Adaptive Gradient Descent for Spiking Transformers",
   "area": "Applications",
   "n_claims": 0,
   "gpu": true,
   "data_access": "open_or_public_signal",
   "n_solutions": 0,
   "best_points": 0,
   "best_max": 0,
   "reproduced_any": false,
   "reproduced_full": false,
   "kate_covered": false
  },
  {
   "orid": "fPX6A4us61",
   "title": "Adaptive Coding Emerges in Stabilized Supralinear Networks Trained with Local Plasticity",
   "area": "Applications",
   "n_claims": 0,
   "gpu": false,
   "data_access": "unknown",
   "n_solutions": 0,
   "best_points": 0,
   "best_max": 0,
   "reproduced_any": false,
   "reproduced_full": false,
   "kate_covered": false
  },
  {
   "orid": "coNswqxIlk",
   "title": "Adaptive DNA Sequence Modeling via Synergistic Plasticity Units",
   "area": "Applications",
   "n_claims": 0,
   "gpu": true,
   "data_access": "unknown",
   "n_solutions": 0,
   "best_points": 0,
   "best_max": 0,
   "reproduced_any": false,
   "reproduced_full": false,
   "kate_covered": false
  },
  {
   "orid": "UG06mAANLH",
   "title": "Adaptive Protein Tokenization",
   "area": "Applications",
   "n_claims": 5,
   "gpu": true,
   "data_access": "simulation_or_synthetic",
   "n_solutions": 2,
   "best_points": 4,
   "best_max": 10,
   "reproduced_any": true,
   "reproduced_full": false,
   "kate_covered": false
  },
  {
   "orid": "ujYdUdqWpm",
   "title": "Agentic Framework for Epidemiological Modeling",
   "area": "Applications",
   "n_claims": 5,
   "gpu": false,
   "data_access": "open_or_public_signal",
   "n_solutions": 1,
   "best_points": 4,
   "best_max": 10,
   "reproduced_any": true,
   "reproduced_full": false,
   "kate_covered": false
  },
  {
   "orid": "XrRqY9QOSa",
   "title": "Alignment between Brains and AI: Evidence for Convergent Evolution across Modalities, Scales and Training Trajectories",
   "area": "Applications",
   "n_claims": 6,
   "gpu": true,
   "data_access": "open_or_public_signal",
   "n_solutions": 4,
   "best_points": 12,
   "best_max": 12,
   "reproduced_any": true,
   "reproduced_full": true,
   "kate_covered": false
  },
  {
   "orid": "jTiplBUfn9",
   "title": "AnalogVerifier: A Neuro-Symbolic Framework for Analog Circuit Verification",
   "area": "Applications",
   "n_claims": 0,
   "gpu": true,
   "data_access": "simulation_or_synthetic",
   "n_solutions": 0,
   "best_points": 0,
   "best_max": 0,
   "reproduced_any": false,
   "reproduced_full": false,
   "kate_covered": false
  },
  {
   "orid": "bGxMpQsIuN",
   "title": "Are We Overconfident in Models and Results for Semi-Supervised 3D Medical Image Segmentation?",
   "area": "Applications",
   "n_claims": 6,
   "gpu": true,
   "data_access": "open_or_public_signal",
   "n_solutions": 0,
   "best_points": 0,
   "best_max": 0,
   "reproduced_any": false,
   "reproduced_full": false,
   "kate_covered": false
  },
  {
   "orid": "oQSqJfJUvJ",
   "title": "Asymmetric Contrastive Objectives for Efficient Phenotypic Screening",
   "area": "Applications",
   "n_claims": 0,
   "gpu": false,
   "data_access": "open_or_public_signal",
   "n_solutions": 1,
   "best_points": 1,
   "best_max": 4,
   "reproduced_any": true,
   "reproduced_full": false,
   "kate_covered": false
  },
  {
   "orid": "fFUI2PGaNG",
   "title": "Automatic Construction of Clinical Scoring Systems with LLM Agents",
   "area": "Applications",
   "n_claims": 5,
   "gpu": true,
   "data_access": "open_or_public_signal",
   "n_solutions": 1,
   "best_points": 3,
   "best_max": 10,
   "reproduced_any": true,
   "reproduced_full": false,
   "kate_covered": false
  },
  {
   "orid": "75AYDsndHP",
   "title": "Autoregressive Boltzmann Generators",
   "area": "Applications",
   "n_claims": 5,
   "gpu": true,
   "data_access": "simulation_or_synthetic",
   "n_solutions": 2,
   "best_points": 4,
   "best_max": 10,
   "reproduced_any": true,
   "reproduced_full": false,
   "kate_covered": false
  },
  {
   "orid": "Qr8Zvwoi88",
   "title": "BESPOKE: Benchmark for Search-Augmented Large Language Model Personalization via Diagnostic Feedback",
   "area": "Applications",
   "n_claims": 5,
   "gpu": true,
   "data_access": "open_or_public_signal",
   "n_solutions": 0,
   "best_points": 0,
   "best_max": 0,
   "reproduced_any": false,
   "reproduced_full": false,
   "kate_covered": false
  },
  {
   "orid": "HZhlRnJOHq",
   "title": "BIT-LLM: Brain Instruction Tuned LLM with persistent Cross-Attention for fMRI-to-Text Decoding",
   "area": "Applications",
   "n_claims": 0,
   "gpu": true,
   "data_access": "simulation_or_synthetic",
   "n_solutions": 0,
   "best_points": 0,
   "best_max": 0,
   "reproduced_any": false,
   "reproduced_full": false,
   "kate_covered": false
  },
  {
   "orid": "Pj1Z7dWm4v",
   "title": "Benchmarking the Scientific Mind: A Pathology-Derived Biomedical VQA Benchmark for Complex Scientific Reasoning",
   "area": "Applications",
   "n_claims": 0,
   "gpu": true,
   "data_access": "open_or_public_signal",
   "n_solutions": 1,
   "best_points": 0,
   "best_max": 4,
   "reproduced_any": false,
   "reproduced_full": false,
   "kate_covered": false
  },
  {
   "orid": "rEzGzILnVC",
   "title": "Beyond Accuracy: Latent Perturbations for Cognitive-Aware Diagnosis",
   "area": "Applications",
   "n_claims": 0,
   "gpu": false,
   "data_access": "open_or_public_signal",
   "n_solutions": 2,
   "best_points": 2,
   "best_max": 4,
   "reproduced_any": true,
   "reproduced_full": false,
   "kate_covered": false
  },
  {
   "orid": "IABjbJlinz",
   "title": "Beyond Continuity: Simulation-free Reconstruction of Discrete Branching Dynamics from Single-cell Snapshots",
   "area": "Applications",
   "n_claims": 5,
   "gpu": false,
   "data_access": "open_or_public_signal",
   "n_solutions": 0,
   "best_points": 0,
   "best_max": 0,
   "reproduced_any": false,
   "reproduced_full": false,
   "kate_covered": false
  },
  {
   "orid": "XAyI76nJRt",
   "title": "Beyond Extrapolation: Knowledge Utilization Paradigm with Bidirectional Inspiration for Time Series Forecasting",
   "area": "Applications",
   "n_claims": 6,
   "gpu": false,
   "data_access": "open_or_public_signal",
   "n_solutions": 0,
   "best_points": 0,
   "best_max": 0,
   "reproduced_any": false,
   "reproduced_full": false,
   "kate_covered": false
  },
  {
   "orid": "onuLk72nRw",
   "title": "Beyond Independent Genes: Learning Module-Inductive Representations for Single-Cell Gene Perturbation Prediction",
   "area": "Applications",
   "n_claims": 5,
   "gpu": true,
   "data_access": "open_or_public_signal",
   "n_solutions": 0,
   "best_points": 0,
   "best_max": 0,
   "reproduced_any": false,
   "reproduced_full": false,
   "kate_covered": false
  },
  {
   "orid": "Vtps0ZUlgv",
   "title": "Beyond Instance-Level Self-Supervision in 3D Multi-Modal Medical Imaging",
   "area": "Applications",
   "n_claims": 6,
   "gpu": true,
   "data_access": "simulation_or_synthetic",
   "n_solutions": 0,
   "best_points": 0,
   "best_max": 0,
   "reproduced_any": false,
   "reproduced_full": false,
   "kate_covered": false
  },
  {
   "orid": "Ipgssz2WL1",
   "title": "Beyond Model Ranking: Predictability-Aligned Evaluation for Time Series Forecasting",
   "area": "Applications",
   "n_claims": 5,
   "gpu": false,
   "data_access": "open_or_public_signal",
   "n_solutions": 3,
   "best_points": 8,
   "best_max": 10,
   "reproduced_any": true,
   "reproduced_full": false,
   "kate_covered": false
  },
  {
   "orid": "fi4gh4Syka",
   "title": "Bimodal masked language modeling for bulk RNA-seq and DNA methylation representation learning",
   "area": "Applications",
   "n_claims": 0,
   "gpu": true,
   "data_access": "open_or_public_signal",
   "n_solutions": 0,
   "best_points": 0,
   "best_max": 0,
   "reproduced_any": false,
   "reproduced_full": false,
   "kate_covered": false
  },
  {
   "orid": "MoQiswth2n",
   "title": "Bio-Vision-Inspired Spiking Neural Networks for Object Detection with Event Cameras",
   "area": "Applications",
   "n_claims": 0,
   "gpu": false,
   "data_access": "open_or_public_signal",
   "n_solutions": 0,
   "best_points": 0,
   "best_max": 0,
   "reproduced_any": false,
   "reproduced_full": false,
   "kate_covered": false
  },
  {
   "orid": "2iFauBXg7Y",
   "title": "BioAgent Bench: An AI Agent Evaluation Suite for Bioinformatics",
   "area": "Applications",
   "n_claims": 6,
   "gpu": true,
   "data_access": "open_or_public_signal",
   "n_solutions": 2,
   "best_points": 8,
   "best_max": 12,
   "reproduced_any": true,
   "reproduced_full": false,
   "kate_covered": false
  },
  {
   "orid": "TwMRZPkn4e",
   "title": "BioDynaSpec: Harmonic-Guided Spatio-Spectral Autoregressive Diffusion for Protein Dynamics Generation",
   "area": "Applications",
   "n_claims": 0,
   "gpu": true,
   "data_access": "open_or_public_signal",
   "n_solutions": 0,
   "best_points": 0,
   "best_max": 0,
   "reproduced_any": false,
   "reproduced_full": false,
   "kate_covered": false
  },
  {
   "orid": "6I7yMzQBts",
   "title": "BioFormer: Rethinking Cross-Subject Generalization via Spectral Structural Alignment in Biomedical Time-Series",
   "area": "Applications",
   "n_claims": 4,
   "gpu": false,
   "data_access": "open_or_public_signal",
   "n_solutions": 1,
   "best_points": 1,
   "best_max": 8,
   "reproduced_any": true,
   "reproduced_full": false,
   "kate_covered": false
  },
  {
   "orid": "8EZamwNqld",
   "title": "BioProBench: A Corpus and Benchmark for Biological Protocol Reasoning in Autonomous Science",
   "area": "Applications",
   "n_claims": 6,
   "gpu": true,
   "data_access": "open_or_public_signal",
   "n_solutions": 1,
   "best_points": 1,
   "best_max": 12,
   "reproduced_any": true,
   "reproduced_full": false,
   "kate_covered": false
  },
  {
   "orid": "5Mt4Jdrqfz",
   "title": "Biologically plausible heavy-tailed connectivity enhances generalizations on cognitive tasks in recurrent neural networks",
   "area": "Applications",
   "n_claims": 0,
   "gpu": false,
   "data_access": "unknown",
   "n_solutions": 0,
   "best_points": 0,
   "best_max": 0,
   "reproduced_any": false,
   "reproduced_full": false,
   "kate_covered": false
  },
  {
   "orid": "8d2LLxwU1r",
   "title": "Bootstrapped Exploration with Causal Reasoning: A Training Paradigm for Adaptive Forecasting Agent",
   "area": "Applications",
   "n_claims": 0,
   "gpu": true,
   "data_access": "open_or_public_signal",
   "n_solutions": 0,
   "best_points": 0,
   "best_max": 0,
   "reproduced_any": false,
   "reproduced_full": false,
   "kate_covered": false
  },
  {
   "orid": "nJxailqsUW",
   "title": "BrainJanus: A Unified Model for Understanding and Generation across Brain, Vision, and Language",
   "area": "Applications",
   "n_claims": 0,
   "gpu": true,
   "data_access": "open_or_public_signal",
   "n_solutions": 0,
   "best_points": 0,
   "best_max": 0,
   "reproduced_any": false,
   "reproduced_full": false,
   "kate_covered": false
  },
  {
   "orid": "AY7L7acRtD",
   "title": "Bridging Dynamics and Data: A Unified Diffusion Framework for Mechanistically-Informed Epidemic Forecasting",
   "area": "Applications",
   "n_claims": 0,
   "gpu": true,
   "data_access": "open_or_public_signal",
   "n_solutions": 1,
   "best_points": 2,
   "best_max": 6,
   "reproduced_any": true,
   "reproduced_full": false,
   "kate_covered": false
  },
  {
   "orid": "GQIorrRZGv",
   "title": "Bullet Trains: Parallelizing Training of Temporally Precise Spiking Neural Networks",
   "area": "Applications",
   "n_claims": 6,
   "gpu": true,
   "data_access": "open_or_public_signal",
   "n_solutions": 0,
   "best_points": 0,
   "best_max": 0,
   "reproduced_any": false,
   "reproduced_full": false,
   "kate_covered": false
  },
  {
   "orid": "Kdc1UvnMKk",
   "title": "CARD: Coarse-to-fine Autoregressive Modeling with Radix-based Decomposition for Transferable Free Energy Estimation",
   "area": "Applications",
   "n_claims": 5,
   "gpu": true,
   "data_access": "simulation_or_synthetic",
   "n_solutions": 0,
   "best_points": 0,
   "best_max": 0,
   "reproduced_any": false,
   "reproduced_full": false,
   "kate_covered": false
  },
  {
   "orid": "svtbjHcMzs",
   "title": "CAST: Modeling Visual State Transitions for Consistent Video Retrieval",
   "area": "Applications",
   "n_claims": 5,
   "gpu": true,
   "data_access": "simulation_or_synthetic",
   "n_solutions": 0,
   "best_points": 0,
   "best_max": 0,
   "reproduced_any": false,
   "reproduced_full": false,
   "kate_covered": false
  },
  {
   "orid": "bMsBArF8MT",
   "title": "CLINIC : Evaluating Multilingual Trustworthiness in Language Models for Healthcare",
   "area": "Applications",
   "n_claims": 5,
   "gpu": false,
   "data_access": "simulation_or_synthetic",
   "n_solutions": 2,
   "best_points": 0,
   "best_max": 10,
   "reproduced_any": false,
   "reproduced_full": false,
   "kate_covered": false
  },
  {
   "orid": "Eq8LZNsbUb",
   "title": "CONTEXTOR: Contextualized High-order Contrastive Learning",
   "area": "Applications",
   "n_claims": 0,
   "gpu": false,
   "data_access": "open_or_public_signal",
   "n_solutions": 0,
   "best_points": 0,
   "best_max": 0,
   "reproduced_any": false,
   "reproduced_full": false,
   "kate_covered": false
  },
  {
   "orid": "PfarHkQG8e",
   "title": "CSG: Cognitive Structure Generation for Intelligent Education",
   "area": "Applications",
   "n_claims": 0,
   "gpu": true,
   "data_access": "open_or_public_signal",
   "n_solutions": 3,
   "best_points": 2,
   "best_max": 4,
   "reproduced_any": true,
   "reproduced_full": false,
   "kate_covered": false
  },
  {
   "orid": "S4pUDRolZd",
   "title": "CalM: A Self-Supervised Foundation Model for Population Dynamics in Calcium Imaging Data",
   "area": "Applications",
   "n_claims": 6,
   "gpu": true,
   "data_access": "open_or_public_signal",
   "n_solutions": 0,
   "best_points": 0,
   "best_max": 0,
   "reproduced_any": false,
   "reproduced_full": false,
   "kate_covered": false
  },
  {
   "orid": "3LRWjJTp0Y",
   "title": "CalPro: Prior-Aware Evidential Conformal Prediction with Structure-Aware Sensitivity Bounds for Protein Structures",
   "area": "Applications",
   "n_claims": 6,
   "gpu": false,
   "data_access": "simulation_or_synthetic",
   "n_solutions": 2,
   "best_points": 3,
   "best_max": 12,
   "reproduced_any": true,
   "reproduced_full": false,
   "kate_covered": true
  },
  {
   "orid": "Q0rAQZg9t5",
   "title": "Can VLMs Diagnose and Recover from VLA Manipulation Faults?",
   "area": "Applications",
   "n_claims": 0,
   "gpu": false,
   "data_access": "open_or_public_signal",
   "n_solutions": 0,
   "best_points": 0,
   "best_max": 0,
   "reproduced_any": false,
   "reproduced_full": false,
   "kate_covered": false
  },
  {
   "orid": "sfVahQ4EWP",
   "title": "Can Vision Language Models Learn Intuitive Physics from Interaction?",
   "area": "Applications",
   "n_claims": 5,
   "gpu": false,
   "data_access": "simulation_or_synthetic",
   "n_solutions": 0,
   "best_points": 0,
   "best_max": 0,
   "reproduced_any": false,
   "reproduced_full": false,
   "kate_covered": false
  },
  {
   "orid": "0QsbcZKCQ0",
   "title": "Can local learning match self-supervised backpropagation?",
   "area": "Applications",
   "n_claims": 6,
   "gpu": false,
   "data_access": "open_or_public_signal",
   "n_solutions": 2,
   "best_points": 6,
   "best_max": 12,
   "reproduced_any": true,
   "reproduced_full": false,
   "kate_covered": false
  },
  {
   "orid": "e43JwTIb2V",
   "title": "Cardio-mmFlow: A Gaussian-Prior-Free Physics-Informed Flow Matching Framework for Electrocardiogram to mmWave Radar Synthesis",
   "area": "Applications",
   "n_claims": 0,
   "gpu": false,
   "data_access": "open_or_public_signal",
   "n_solutions": 0,
   "best_points": 0,
   "best_max": 0,
   "reproduced_any": false,
   "reproduced_full": false,
   "kate_covered": false
  },
  {
   "orid": "W9EgZALquo",
   "title": "CellBRIDGE: Learning Cellular Trajectories via Interaction-Aware Alignment",
   "area": "Applications",
   "n_claims": 5,
   "gpu": false,
   "data_access": "open_or_public_signal",
   "n_solutions": 0,
   "best_points": 0,
   "best_max": 0,
   "reproduced_any": false,
   "reproduced_full": false,
   "kate_covered": false
  },
  {
   "orid": "2qc3SXdpns",
   "title": "Cello: A Universal Cell-wise Feature Aggregation framework for  Reliable  Pathology Images Analysis",
   "area": "Applications",
   "n_claims": 0,
   "gpu": true,
   "data_access": "open_or_public_signal",
   "n_solutions": 0,
   "best_points": 0,
   "best_max": 0,
   "reproduced_any": false,
   "reproduced_full": false,
   "kate_covered": false
  },
  {
   "orid": "JAQ9bm0Rp4",
   "title": "Chamaileon: Cross-Context Binder Design with Contextualized Modeling and Mixed Sampling",
   "area": "Applications",
   "n_claims": 0,
   "gpu": true,
   "data_access": "open_or_public_signal",
   "n_solutions": 0,
   "best_points": 0,
   "best_max": 0,
   "reproduced_any": false,
   "reproduced_full": false,
   "kate_covered": false
  },
  {
   "orid": "15Gs65kvHS",
   "title": "ClinTutor-R1: Advancing Scalable and Robust One-to-Many Alignment in Clinical Socratic Education",
   "area": "Applications",
   "n_claims": 5,
   "gpu": true,
   "data_access": "private_or_restricted_signal",
   "n_solutions": 1,
   "best_points": 0,
   "best_max": 10,
   "reproduced_any": false,
   "reproduced_full": false,
   "kate_covered": false
  },
  {
   "orid": "O4BmkfXv1f",
   "title": "Co-Generative De Novo Functional Protein Design",
   "area": "Applications",
   "n_claims": 5,
   "gpu": true,
   "data_access": "unknown",
   "n_solutions": 0,
   "best_points": 0,
   "best_max": 0,
   "reproduced_any": false,
   "reproduced_full": false,
   "kate_covered": false
  },
  {
   "orid": "DcyK4f7ZyU",
   "title": "Conditionally Site-Independent Neural Evolution of Antibody Sequences",
   "area": "Applications",
   "n_claims": 6,
   "gpu": false,
   "data_access": "simulation_or_synthetic",
   "n_solutions": 0,
   "best_points": 0,
   "best_max": 0,
   "reproduced_any": false,
   "reproduced_full": false,
   "kate_covered": false
  },
  {
   "orid": "UR1yz4AMYj",
   "title": "Constrained hybrid modelling to predict microbial dynamics and organic matter turnover in soil systems",
   "area": "Applications",
   "n_claims": 4,
   "gpu": false,
   "data_access": "open_or_public_signal",
   "n_solutions": 1,
   "best_points": 8,
   "best_max": 8,
   "reproduced_any": true,
   "reproduced_full": true,
   "kate_covered": false
  },
  {
   "orid": "9GTDxv7Xra",
   "title": "Contextualized Visual Personalization in Vision-Language Models",
   "area": "Applications",
   "n_claims": 5,
   "gpu": false,
   "data_access": "private_or_restricted_signal",
   "n_solutions": 0,
   "best_points": 0,
   "best_max": 0,
   "reproduced_any": false,
   "reproduced_full": false,
   "kate_covered": false
  },
  {
   "orid": "XJaXdi5R21",
   "title": "Contrastive Geometric Learning Unlocks Unified Structure- and Ligand-Based Drug Design",
   "area": "Applications",
   "n_claims": 6,
   "gpu": true,
   "data_access": "open_or_public_signal",
   "n_solutions": 1,
   "best_points": 9,
   "best_max": 12,
   "reproduced_any": true,
   "reproduced_full": false,
   "kate_covered": false
  },
  {
   "orid": "ryO12fv5bJ",
   "title": "Controllable Molecule Generation via Sparse Representation Editing: An Interpretability-Driven Perspective",
   "area": "Applications",
   "n_claims": 0,
   "gpu": true,
   "data_access": "open_or_public_signal",
   "n_solutions": 0,
   "best_points": 0,
   "best_max": 0,
   "reproduced_any": false,
   "reproduced_full": false,
   "kate_covered": false
  },
  {
   "orid": "RyxUQr2l4k",
   "title": "Credit Assignment via Neural Manifold Noise Correlation",
   "area": "Applications",
   "n_claims": 5,
   "gpu": true,
   "data_access": "simulation_or_synthetic",
   "n_solutions": 1,
   "best_points": 6,
   "best_max": 10,
   "reproduced_any": true,
   "reproduced_full": false,
   "kate_covered": false
  },
  {
   "orid": "mAusAlRZ0a",
   "title": "Cross-Chirality Generalization by Axial Vectors for Hetero-Chiral Protein-Peptide Interaction Design",
   "area": "Applications",
   "n_claims": 6,
   "gpu": true,
   "data_access": "open_or_public_signal",
   "n_solutions": 0,
   "best_points": 0,
   "best_max": 0,
   "reproduced_any": false,
   "reproduced_full": false,
   "kate_covered": false
  },
  {
   "orid": "pZq2RMptsQ",
   "title": "Cross-Subject Modeling for Widefield Calcium Imaging via Atlas-Aligned Spatiotemporal Tokenization",
   "area": "Applications",
   "n_claims": 0,
   "gpu": true,
   "data_access": "open_or_public_signal",
   "n_solutions": 0,
   "best_points": 0,
   "best_max": 0,
   "reproduced_any": false,
   "reproduced_full": false,
   "kate_covered": false
  },
  {
   "orid": "Lh3Hico2Pe",
   "title": "DC-W2S: Dual-Consensus Weak-to-Strong Training for Reliable Process Reward Modeling in Biological Reasoning",
   "area": "Applications",
   "n_claims": 6,
   "gpu": true,
   "data_access": "open_or_public_signal",
   "n_solutions": 0,
   "best_points": 0,
   "best_max": 0,
   "reproduced_any": false,
   "reproduced_full": false,
   "kate_covered": false
  },
  {
   "orid": "xbAWn0w9kq",
   "title": "DIYHealth Suite: Dataset, Model, and Benchmark for Health Management at Home",
   "area": "Applications",
   "n_claims": 6,
   "gpu": true,
   "data_access": "open_or_public_signal",
   "n_solutions": 3,
   "best_points": 7,
   "best_max": 12,
   "reproduced_any": true,
   "reproduced_full": false,
   "kate_covered": false
  },
  {
   "orid": "1DxD3SBid1",
   "title": "DNACHUNKER: Learnable Tokenization for DNA Language Models",
   "area": "Applications",
   "n_claims": 5,
   "gpu": true,
   "data_access": "simulation_or_synthetic",
   "n_solutions": 0,
   "best_points": 0,
   "best_max": 0,
   "reproduced_any": false,
   "reproduced_full": false,
   "kate_covered": false
  },
  {
   "orid": "RKqL4GYXz3",
   "title": "DPsurv: Dual-Prototype Evidential Fusion for Uncertainty-Aware and Interpretable Whole Slide Image Survival Prediction",
   "area": "Applications",
   "n_claims": 6,
   "gpu": true,
   "data_access": "open_or_public_signal",
   "n_solutions": 1,
   "best_points": 1,
   "best_max": 12,
   "reproduced_any": true,
   "reproduced_full": false,
   "kate_covered": true
  },
  {
   "orid": "jAJJfsEwtd",
   "title": "DSENet: A Novel Dual-Stream Enhancement Network for Multi-Scale Non-Stationary Time Series Forecasting",
   "area": "Applications",
   "n_claims": 0,
   "gpu": false,
   "data_access": "open_or_public_signal",
   "n_solutions": 0,
   "best_points": 0,
   "best_max": 0,
   "reproduced_any": false,
   "reproduced_full": false,
   "kate_covered": false
  },
  {
   "orid": "tNn9bikyXZ",
   "title": "Darwinian Memory: A Training-Free Self-Regulating Memory System for GUI Agent Evolution",
   "area": "Applications",
   "n_claims": 5,
   "gpu": true,
   "data_access": "simulation_or_synthetic",
   "n_solutions": 0,
   "best_points": 0,
   "best_max": 0,
   "reproduced_any": false,
   "reproduced_full": false,
   "kate_covered": false
  },
  {
   "orid": "lywUbYpYfG",
   "title": "DeCoDe: Decoupling Binding Position and Molecular Conformation in 3D Ligand Diffusion for Structure-Based Drug Design",
   "area": "Applications",
   "n_claims": 0,
   "gpu": true,
   "data_access": "open_or_public_signal",
   "n_solutions": 1,
   "best_points": 2,
   "best_max": 6,
   "reproduced_any": true,
   "reproduced_full": false,
   "kate_covered": false
  },
  {
   "orid": "yzes8qBM70",
   "title": "DecoderTCR: Compositional Pretraining and Entropy-Guided Decoding for TCR-pMHC Interactions",
   "area": "Applications",
   "n_claims": 0,
   "gpu": true,
   "data_access": "open_or_public_signal",
   "n_solutions": 0,
   "best_points": 0,
   "best_max": 0,
   "reproduced_any": false,
   "reproduced_full": false,
   "kate_covered": false
  },
  {
   "orid": "ZgJlDylia4",
   "title": "Deep Learning for BioImaging: What Are We Really Learning?",
   "area": "Applications",
   "n_claims": 0,
   "gpu": false,
   "data_access": "open_or_public_signal",
   "n_solutions": 1,
   "best_points": 0,
   "best_max": 6,
   "reproduced_any": false,
   "reproduced_full": false,
   "kate_covered": false
  },
  {
   "orid": "5JUrQ67tYL",
   "title": "Deliberate Evolution:  Agentic Reasoning for Sample-Efficient Symbolic Regression with LLMs",
   "area": "Applications",
   "n_claims": 3,
   "gpu": true,
   "data_access": "open_or_public_signal",
   "n_solutions": 1,
   "best_points": 6,
   "best_max": 6,
   "reproduced_any": true,
   "reproduced_full": true,
   "kate_covered": false
  },
  {
   "orid": "SSoOP9ia5t",
   "title": "Demystifying Multimodal Biomolecular Co-design With Intrinsic Geodesic Coupling",
   "area": "Applications",
   "n_claims": 6,
   "gpu": true,
   "data_access": "simulation_or_synthetic",
   "n_solutions": 0,
   "best_points": 0,
   "best_max": 0,
   "reproduced_any": false,
   "reproduced_full": false,
   "kate_covered": false
  },
  {
   "orid": "qijM0kpqPC",
   "title": "Derivative Informed Learning of Exchange-Correlation Functionals",
   "area": "Applications",
   "n_claims": 5,
   "gpu": false,
   "data_access": "open_or_public_signal",
   "n_solutions": 0,
   "best_points": 0,
   "best_max": 0,
   "reproduced_any": false,
   "reproduced_full": false,
   "kate_covered": false
  },
  {
   "orid": "Og7FKaRBQA",
   "title": "Discontinuous Galerkin Neural Operator for Pathology Defocus Deblurring",
   "area": "Applications",
   "n_claims": 6,
   "gpu": false,
   "data_access": "simulation_or_synthetic",
   "n_solutions": 0,
   "best_points": 0,
   "best_max": 0,
   "reproduced_any": false,
   "reproduced_full": false,
   "kate_covered": false
  },
  {
   "orid": "tIG4D44jn9",
   "title": "Discrete Diffusion with Physical Mass Constraints for \\emph{De Novo} Peptide Sequencing",
   "area": "Applications",
   "n_claims": 0,
   "gpu": true,
   "data_access": "open_or_public_signal",
   "n_solutions": 0,
   "best_points": 0,
   "best_max": 0,
   "reproduced_any": false,
   "reproduced_full": false,
   "kate_covered": false
  },
  {
   "orid": "wjsUR2vppX",
   "title": "Discrete Survival Knowledge Distillation for Competing Risks Analysis",
   "area": "Applications",
   "n_claims": 0,
   "gpu": false,
   "data_access": "open_or_public_signal",
   "n_solutions": 1,
   "best_points": 2,
   "best_max": 4,
   "reproduced_any": true,
   "reproduced_full": false,
   "kate_covered": false
  },
  {
   "orid": "LcSPuepCDU",
   "title": "Disease-Centric Vision-Language Pretraining with Hybrid Visual Encoding for 3D Computed Tomography",
   "area": "Applications",
   "n_claims": 6,
   "gpu": true,
   "data_access": "simulation_or_synthetic",
   "n_solutions": 1,
   "best_points": 0,
   "best_max": 12,
   "reproduced_any": false,
   "reproduced_full": false,
   "kate_covered": false
  },
  {
   "orid": "R7vl47raSn",
   "title": "Dismantling the Illusion of Vision-Language-Action Models Competence via Explicit Distributional Shifts",
   "area": "Applications",
   "n_claims": 0,
   "gpu": true,
   "data_access": "simulation_or_synthetic",
   "n_solutions": 0,
   "best_points": 0,
   "best_max": 0,
   "reproduced_any": false,
   "reproduced_full": false,
   "kate_covered": false
  },
  {
   "orid": "UNWIi5Qjg1",
   "title": "Distinguishing Imitation Error from Intrinsic Motion Learning Difficulty",
   "area": "Applications",
   "n_claims": 5,
   "gpu": false,
   "data_access": "open_or_public_signal",
   "n_solutions": 0,
   "best_points": 0,
   "best_max": 0,
   "reproduced_any": false,
   "reproduced_full": false,
   "kate_covered": false
  },
  {
   "orid": "T4JzJ0V69W",
   "title": "Doppler Prompting for Stable mmWave-based Human Pose Estimation",
   "area": "Applications",
   "n_claims": 5,
   "gpu": false,
   "data_access": "open_or_public_signal",
   "n_solutions": 0,
   "best_points": 0,
   "best_max": 0,
   "reproduced_any": false,
   "reproduced_full": false,
   "kate_covered": false
  },
  {
   "orid": "Y86LpaxXz4",
   "title": "Dynamic Compression Flows for Neuroscience Data",
   "area": "Applications",
   "n_claims": 0,
   "gpu": false,
   "data_access": "open_or_public_signal",
   "n_solutions": 0,
   "best_points": 0,
   "best_max": 0,
   "reproduced_any": false,
   "reproduced_full": false,
   "kate_covered": false
  },
  {
   "orid": "YcccAbXbVK",
   "title": "Dynamic Decision Learning: Test-Time Evolution for Abnormality Grounding in Rare Diseases",
   "area": "Applications",
   "n_claims": 5,
   "gpu": false,
   "data_access": "open_or_public_signal",
   "n_solutions": 0,
   "best_points": 0,
   "best_max": 0,
   "reproduced_any": false,
   "reproduced_full": false,
   "kate_covered": false
  },
  {
   "orid": "wB4zHbCJJg",
   "title": "Dynamics and Representation Structure of Local Approximations to Gradient-Based Learning in Linear Recurrent Neural Networks",
   "area": "Applications",
   "n_claims": 5,
   "gpu": false,
   "data_access": "open_or_public_signal",
   "n_solutions": 0,
   "best_points": 0,
   "best_max": 0,
   "reproduced_any": false,
   "reproduced_full": false,
   "kate_covered": false
  },
  {
   "orid": "dcLjhvVU47",
   "title": "ECG-R1: Protocol-Guided and Modality-Agnostic MLLM for Reliable ECG Interpretation",
   "area": "Applications",
   "n_claims": 6,
   "gpu": true,
   "data_access": "private_or_restricted_signal",
   "n_solutions": 1,
   "best_points": 1,
   "best_max": 12,
   "reproduced_any": true,
   "reproduced_full": false,
   "kate_covered": false
  },
  {
   "orid": "VSn4wLFd2p",
   "title": "EEG-Based Multimodal Learning via Hyperbolic Mixture-of-Curvature Experts",
   "area": "Applications",
   "n_claims": 6,
   "gpu": true,
   "data_access": "open_or_public_signal",
   "n_solutions": 0,
   "best_points": 0,
   "best_max": 0,
   "reproduced_any": false,
   "reproduced_full": false,
   "kate_covered": false
  },
  {
   "orid": "vGeNaFHdET",
   "title": "EEG-FM-Bench: A Comprehensive Benchmark for the Systematic Evaluation and Diagnostic Analyses of EEG Foundation Models",
   "area": "Applications",
   "n_claims": 5,
   "gpu": true,
   "data_access": "open_or_public_signal",
   "n_solutions": 2,
   "best_points": 4,
   "best_max": 10,
   "reproduced_any": true,
   "reproduced_full": false,
   "kate_covered": false
  },
  {
   "orid": "4HV8YpgiXL",
   "title": "ERGeoBench: A Comprehensive Benchmark for Embodied Reasoning and Geo-localization in Multimodal Large Language Models",
   "area": "Applications",
   "n_claims": 6,
   "gpu": true,
   "data_access": "private_or_restricted_signal",
   "n_solutions": 0,
   "best_points": 0,
   "best_max": 0,
   "reproduced_any": false,
   "reproduced_full": false,
   "kate_covered": false
  },
  {
   "orid": "oR2LJhbClR",
   "title": "Eating for a Sustainable Planet: Personalized Sustainable Diet Recommendation via Constraint-Aware Decision-Making Modeling",
   "area": "Applications",
   "n_claims": 0,
   "gpu": false,
   "data_access": "open_or_public_signal",
   "n_solutions": 0,
   "best_points": 0,
   "best_max": 0,
   "reproduced_any": false,
   "reproduced_full": false,
   "kate_covered": false
  },
  {
   "orid": "uiMxVE16m3",
   "title": "Effects of Structural Reward Shaping on Biophysical Properties in RL-Trained Plasmid Generators",
   "area": "Applications",
   "n_claims": 0,
   "gpu": true,
   "data_access": "simulation_or_synthetic",
   "n_solutions": 0,
   "best_points": 0,
   "best_max": 0,
   "reproduced_any": false,
   "reproduced_full": false,
   "kate_covered": false
  },
  {
   "orid": "XcQ5ud9HdX",
   "title": "Efficient and Safe Molecular Assembly via Reinforcement Learning and Constraint Solving",
   "area": "Applications",
   "n_claims": 0,
   "gpu": false,
   "data_access": "simulation_or_synthetic",
   "n_solutions": 0,
   "best_points": 0,
   "best_max": 0,
   "reproduced_any": false,
   "reproduced_full": false,
   "kate_covered": false
  },
  {
   "orid": "3EcT46wsdc",
   "title": "Efficiently Training Time-to-First-Spike Spiking Neural Networks from Scratch",
   "area": "Applications",
   "n_claims": 5,
   "gpu": false,
   "data_access": "simulation_or_synthetic",
   "n_solutions": 5,
   "best_points": 5,
   "best_max": 10,
   "reproduced_any": true,
   "reproduced_full": false,
   "kate_covered": false
  },
  {
   "orid": "BJ5rYj8O8W",
   "title": "EmBrace: A Collective Knowledge Fusion Framework Toward Unified EEG Foundation Models",
   "area": "Applications",
   "n_claims": 0,
   "gpu": true,
   "data_access": "simulation_or_synthetic",
   "n_solutions": 0,
   "best_points": 0,
   "best_max": 0,
   "reproduced_any": false,
   "reproduced_full": false,
   "kate_covered": false
  },
  {
   "orid": "RtsbiUJ2aK",
   "title": "Embodied Interpretability: Linking Causal Understanding to Generalization in Vision-Language-Action Models",
   "area": "Applications",
   "n_claims": 5,
   "gpu": false,
   "data_access": "simulation_or_synthetic",
   "n_solutions": 0,
   "best_points": 0,
   "best_max": 0,
   "reproduced_any": false,
   "reproduced_full": false,
   "kate_covered": false
  },
  {
   "orid": "goPaAYr1J3",
   "title": "Enhancing Protein-Protein Interaction Prediction with Hierarchical Motif-based Multimodal Protein Embedding",
   "area": "Applications",
   "n_claims": 5,
   "gpu": true,
   "data_access": "open_or_public_signal",
   "n_solutions": 0,
   "best_points": 0,
   "best_max": 0,
   "reproduced_any": false,
   "reproduced_full": false,
   "kate_covered": false
  },
  {
   "orid": "qwtCnzt5B8",
   "title": "EpiCoCo: De Novo Epitope Generation via MHC-Context Co-Modeling and Contrastive Affinity Guidance",
   "area": "Applications",
   "n_claims": 0,
   "gpu": false,
   "data_access": "simulation_or_synthetic",
   "n_solutions": 0,
   "best_points": 0,
   "best_max": 0,
   "reproduced_any": false,
   "reproduced_full": false,
   "kate_covered": false
  },
  {
   "orid": "wmyNZRBBKv",
   "title": "EpiTwin: Spatiotemporal Graph Transformers for Epileptic sEEG Signal Reconstruction",
   "area": "Applications",
   "n_claims": 0,
   "gpu": true,
   "data_access": "open_or_public_signal",
   "n_solutions": 0,
   "best_points": 0,
   "best_max": 0,
   "reproduced_any": false,
   "reproduced_full": false,
   "kate_covered": false
  },
  {
   "orid": "goVeG3ui1Y",
   "title": "Error Amplification Limits ANN-to-SNN Conversion in Continuous Control",
   "area": "Applications",
   "n_claims": 4,
   "gpu": false,
   "data_access": "open_or_public_signal",
   "n_solutions": 0,
   "best_points": 0,
   "best_max": 0,
   "reproduced_any": false,
   "reproduced_full": false,
   "kate_covered": false
  },
  {
   "orid": "88NO4CL9EQ",
   "title": "Escaping Whack-a-Mole: Optimizing Documentation as Repo-Specific Playbooks for Coding Agents",
   "area": "Applications",
   "n_claims": 0,
   "gpu": true,
   "data_access": "open_or_public_signal",
   "n_solutions": 1,
   "best_points": 1,
   "best_max": 4,
   "reproduced_any": true,
   "reproduced_full": false,
   "kate_covered": false
  },
  {
   "orid": "FCVPVqRLDJ",
   "title": "Evidential Reasoning Advances Interpretable Real-World Disease Screening",
   "area": "Applications",
   "n_claims": 6,
   "gpu": false,
   "data_access": "open_or_public_signal",
   "n_solutions": 3,
   "best_points": 2,
   "best_max": 12,
   "reproduced_any": true,
   "reproduced_full": false,
   "kate_covered": false
  },
  {
   "orid": "bOlF0eLPXa",
   "title": "EvoEGF-Mol: Evolving Exponential Geodesic Flow for Structure-based Drug Design",
   "area": "Applications",
   "n_claims": 5,
   "gpu": false,
   "data_access": "open_or_public_signal",
   "n_solutions": 0,
   "best_points": 0,
   "best_max": 0,
   "reproduced_any": false,
   "reproduced_full": false,
   "kate_covered": false
  },
  {
   "orid": "AuPb9MEDdq",
   "title": "Expert-guided Clinical Text Augmentation via Query-Based Model Collaboration",
   "area": "Applications",
   "n_claims": 6,
   "gpu": true,
   "data_access": "open_or_public_signal",
   "n_solutions": 0,
   "best_points": 0,
   "best_max": 0,
   "reproduced_any": false,
   "reproduced_full": false,
   "kate_covered": false
  },
  {
   "orid": "INxIx5piFC",
   "title": "Explicit representation of germline and non-germline residues improves antibody language modeling",
   "area": "Applications",
   "n_claims": 0,
   "gpu": false,
   "data_access": "unknown",
   "n_solutions": 0,
   "best_points": 0,
   "best_max": 0,
   "reproduced_any": false,
   "reproduced_full": false,
   "kate_covered": false
  },
  {
   "orid": "KidQq3EaOe",
   "title": "Exploring Accurate and Transparent Domain Adaptation in Predictive Healthcare via Concept-Grounded Orthogonal Inference",
   "area": "Applications",
   "n_claims": 5,
   "gpu": false,
   "data_access": "open_or_public_signal",
   "n_solutions": 1,
   "best_points": 4,
   "best_max": 10,
   "reproduced_any": true,
   "reproduced_full": false,
   "kate_covered": false
  },
  {
   "orid": "T5u3haVBgi",
   "title": "FACT: Fuzzy Alignment with Comorbidity Topology for Reliable Multi-Label Medical Image Diagnosis",
   "area": "Applications",
   "n_claims": 0,
   "gpu": false,
   "data_access": "open_or_public_signal",
   "n_solutions": 0,
   "best_points": 0,
   "best_max": 0,
   "reproduced_any": false,
   "reproduced_full": false,
   "kate_covered": false
  },
  {
   "orid": "pvbJsa0ia0",
   "title": "FIDIA: Function-Informed Sequence Design via Inference-Aligned Policy Optimization",
   "area": "Applications",
   "n_claims": 0,
   "gpu": false,
   "data_access": "simulation_or_synthetic",
   "n_solutions": 0,
   "best_points": 0,
   "best_max": 0,
   "reproduced_any": false,
   "reproduced_full": false,
   "kate_covered": false
  },
  {
   "orid": "yY7rywRtlI",
   "title": "FLAG: Foundation model representation with Latent diffusion Alignment via Graph for spatial gene expression prediction",
   "area": "Applications",
   "n_claims": 6,
   "gpu": true,
   "data_access": "open_or_public_signal",
   "n_solutions": 0,
   "best_points": 0,
   "best_max": 0,
   "reproduced_any": false,
   "reproduced_full": false,
   "kate_covered": false
  },
  {
   "orid": "Ue8aOgz9T9",
   "title": "FLIP2: Expanding Protein Fitness Landscape Benchmarks for Real-World Machine Learning Applications",
   "area": "Applications",
   "n_claims": 0,
   "gpu": false,
   "data_access": "open_or_public_signal",
   "n_solutions": 1,
   "best_points": 3,
   "best_max": 6,
   "reproduced_any": true,
   "reproduced_full": false,
   "kate_covered": false
  },
  {
   "orid": "pPfyQujFgG",
   "title": "FOVI: A biologically-inspired foveated interface for deep vision models",
   "area": "Applications",
   "n_claims": 4,
   "gpu": true,
   "data_access": "open_or_public_signal",
   "n_solutions": 0,
   "best_points": 0,
   "best_max": 0,
   "reproduced_any": false,
   "reproduced_full": false,
   "kate_covered": false
  },
  {
   "orid": "GPyay3ZTrk",
   "title": "Federated Distillation for Whole Slide Image via Gaussian-Mixture Feature Alignment and Curriculum Integration",
   "area": "Applications",
   "n_claims": 6,
   "gpu": true,
   "data_access": "simulation_or_synthetic",
   "n_solutions": 0,
   "best_points": 0,
   "best_max": 0,
   "reproduced_any": false,
   "reproduced_full": false,
   "kate_covered": false
  },
  {
   "orid": "BbxYfjeT5b",
   "title": "Fine-grained Analysis of Brain-LLM Alignment through Input Attribution",
   "area": "Applications",
   "n_claims": 6,
   "gpu": true,
   "data_access": "open_or_public_signal",
   "n_solutions": 0,
   "best_points": 0,
   "best_max": 0,
   "reproduced_any": false,
   "reproduced_full": false,
   "kate_covered": false
  },
  {
   "orid": "iL4Uo9HeXc",
   "title": "FlexiFlow: decomposable flow matching for generation of flexible molecular ensemble",
   "area": "Applications",
   "n_claims": 5,
   "gpu": true,
   "data_access": "open_or_public_signal",
   "n_solutions": 0,
   "best_points": 0,
   "best_max": 0,
   "reproduced_any": false,
   "reproduced_full": false,
   "kate_covered": false
  },
  {
   "orid": "uOSa4bbPDj",
   "title": "Flexible Kernels for Protein Property Prediction",
   "area": "Applications",
   "n_claims": 6,
   "gpu": true,
   "data_access": "open_or_public_signal",
   "n_solutions": 0,
   "best_points": 0,
   "best_max": 0,
   "reproduced_any": false,
   "reproduced_full": false,
   "kate_covered": false
  },
  {
   "orid": "5zbPdMNcl9",
   "title": "Flow-Based Density Ratio Estimation for Intractable Distributions with Applications in Genomics",
   "area": "Applications",
   "n_claims": 6,
   "gpu": true,
   "data_access": "open_or_public_signal",
   "n_solutions": 1,
   "best_points": 6,
   "best_max": 12,
   "reproduced_any": true,
   "reproduced_full": false,
   "kate_covered": true
  },
  {
   "orid": "lf2kkzspMA",
   "title": "FlowCloud: Learning Continuous Spatiotemporal Dynamics from Unpaired Sparse Point Cloud Snapshots",
   "area": "Applications",
   "n_claims": 0,
   "gpu": true,
   "data_access": "open_or_public_signal",
   "n_solutions": 0,
   "best_points": 0,
   "best_max": 0,
   "reproduced_any": false,
   "reproduced_full": false,
   "kate_covered": false
  },
  {
   "orid": "LnNbhU8IcR",
   "title": "FlowPET: Physics-Informed Symplectic Flow Matching for Low-Count PET Reconstruction",
   "area": "Applications",
   "n_claims": 0,
   "gpu": true,
   "data_access": "open_or_public_signal",
   "n_solutions": 0,
   "best_points": 0,
   "best_max": 0,
   "reproduced_any": false,
   "reproduced_full": false,
   "kate_covered": false
  },
  {
   "orid": "4SD5FCeIDu",
   "title": "Formalizing the Binding Problem",
   "area": "Applications",
   "n_claims": 5,
   "gpu": true,
   "data_access": "open_or_public_signal",
   "n_solutions": 0,
   "best_points": 0,
   "best_max": 0,
   "reproduced_any": false,
   "reproduced_full": false,
   "kate_covered": false
  },
  {
   "orid": "8tjGapjQ5J",
   "title": "Forward-Chaining Temporal Point Process",
   "area": "Applications",
   "n_claims": 0,
   "gpu": true,
   "data_access": "open_or_public_signal",
   "n_solutions": 0,
   "best_points": 0,
   "best_max": 0,
   "reproduced_any": false,
   "reproduced_full": false,
   "kate_covered": false
  },
  {
   "orid": "f51haqkwRQ",
   "title": "Foundation VAE for CT Reconstruction, Augmentation, and Generation",
   "area": "Applications",
   "n_claims": 0,
   "gpu": true,
   "data_access": "open_or_public_signal",
   "n_solutions": 0,
   "best_points": 0,
   "best_max": 0,
   "reproduced_any": false,
   "reproduced_full": false,
   "kate_covered": false
  },
  {
   "orid": "kOgsGq2mfC",
   "title": "Frequency Matching in Spiking Neural Networks for mmWave Sensing",
   "area": "Applications",
   "n_claims": 6,
   "gpu": false,
   "data_access": "open_or_public_signal",
   "n_solutions": 0,
   "best_points": 0,
   "best_max": 0,
   "reproduced_any": false,
   "reproduced_full": false,
   "kate_covered": false
  },
  {
   "orid": "UllXS9qddS",
   "title": "From Associations to Activations: Comparing Behavioral and Hidden-State Semantic Geometry in LLMs",
   "area": "Applications",
   "n_claims": 4,
   "gpu": true,
   "data_access": "simulation_or_synthetic",
   "n_solutions": 0,
   "best_points": 0,
   "best_max": 0,
   "reproduced_any": false,
   "reproduced_full": false,
   "kate_covered": false
  },
  {
   "orid": "x7LWdQlwY7",
   "title": "From Blind Spots to Gains: Diagnostic-Driven Iterative Training for Large Multimodal Models",
   "area": "Applications",
   "n_claims": 6,
   "gpu": true,
   "data_access": "open_or_public_signal",
   "n_solutions": 0,
   "best_points": 0,
   "best_max": 0,
   "reproduced_any": false,
   "reproduced_full": false,
   "kate_covered": false
  },
  {
   "orid": "S7lpdz7NAW",
   "title": "From Conflict to Consensus: Boosting Medical Reasoning via Multi-Round Agentic RAG",
   "area": "Applications",
   "n_claims": 6,
   "gpu": true,
   "data_access": "open_or_public_signal",
   "n_solutions": 1,
   "best_points": 0,
   "best_max": 12,
   "reproduced_any": false,
   "reproduced_full": false,
   "kate_covered": true
  },
  {
   "orid": "oaMuJPfDUS",
   "title": "From Holo Pockets to Electron Density: GPT-style Drug Design with Density",
   "area": "Applications",
   "n_claims": 6,
   "gpu": true,
   "data_access": "simulation_or_synthetic",
   "n_solutions": 1,
   "best_points": 0,
   "best_max": 12,
   "reproduced_any": false,
   "reproduced_full": false,
   "kate_covered": false
  },
  {
   "orid": "02Nq73lCe6",
   "title": "From Knowledge to Inference: Formalizing Specialized Public Health Reasoning on GlobalHealthAtlas",
   "area": "Applications",
   "n_claims": 6,
   "gpu": true,
   "data_access": "open_or_public_signal",
   "n_solutions": 1,
   "best_points": 6,
   "best_max": 12,
   "reproduced_any": true,
   "reproduced_full": false,
   "kate_covered": true
  },
  {
   "orid": "JnROrhQsyJ",
   "title": "From Representation to Action: A Unified Laplacian Framework for Spatial Representation and Path Planning",
   "area": "Applications",
   "n_claims": 0,
   "gpu": false,
   "data_access": "unknown",
   "n_solutions": 1,
   "best_points": 0,
   "best_max": 6,
   "reproduced_any": false,
   "reproduced_full": false,
   "kate_covered": false
  },
  {
   "orid": "SRGpmDQjJM",
   "title": "From Token to Token Pair: Efficient Prompt Compression for Large Language Models in Clinical Prediction",
   "area": "Applications",
   "n_claims": 5,
   "gpu": true,
   "data_access": "open_or_public_signal",
   "n_solutions": 1,
   "best_points": 5,
   "best_max": 10,
   "reproduced_any": true,
   "reproduced_full": false,
   "kate_covered": false
  },
  {
   "orid": "wNL0qGb2MN",
   "title": "FunCQNet: A Functional Censored Quantile Neural Network for Predicting Long-Term Post-Transplant Kidney Survival",
   "area": "Applications",
   "n_claims": 0,
   "gpu": false,
   "data_access": "open_or_public_signal",
   "n_solutions": 2,
   "best_points": 2,
   "best_max": 4,
   "reproduced_any": true,
   "reproduced_full": false,
   "kate_covered": true
  },
  {
   "orid": "EGV34JT1Lc",
   "title": "GAUSS: Graph-Assisted Uncertainty Quantification using Structure and Semantics for Long-Form Generation in LLMs",
   "area": "Applications",
   "n_claims": 0,
   "gpu": true,
   "data_access": "unknown",
   "n_solutions": 0,
   "best_points": 0,
   "best_max": 0,
   "reproduced_any": false,
   "reproduced_full": false,
   "kate_covered": false
  },
  {
   "orid": "uZerXmyozE",
   "title": "GENEB: Why Genomic Models Are Hard to Compare",
   "area": "Applications",
   "n_claims": 5,
   "gpu": true,
   "data_access": "open_or_public_signal",
   "n_solutions": 1,
   "best_points": 10,
   "best_max": 10,
   "reproduced_any": true,
   "reproduced_full": true,
   "kate_covered": false
  },
  {
   "orid": "FP23eFYhAy",
   "title": "GLEAN: Guideline-Grounded Evidence Accumulation for High-Stakes Agent Verification",
   "area": "Applications",
   "n_claims": 6,
   "gpu": true,
   "data_access": "open_or_public_signal",
   "n_solutions": 2,
   "best_points": 4,
   "best_max": 12,
   "reproduced_any": true,
   "reproduced_full": false,
   "kate_covered": true
  },
  {
   "orid": "Fhtwta4397",
   "title": "GenShield: Unified Detection and Artifact Correction for AI-Generated Images",
   "area": "Applications",
   "n_claims": 6,
   "gpu": true,
   "data_access": "open_or_public_signal",
   "n_solutions": 1,
   "best_points": 4,
   "best_max": 12,
   "reproduced_any": true,
   "reproduced_full": false,
   "kate_covered": false
  },
  {
   "orid": "wutI1P0dsB",
   "title": "GenUnfold: Rapidly Predict Protein Mechanical Unfolding Trajectory via a Physics-Guided Diffusion Model",
   "area": "Applications",
   "n_claims": 0,
   "gpu": true,
   "data_access": "open_or_public_signal",
   "n_solutions": 0,
   "best_points": 0,
   "best_max": 0,
   "reproduced_any": false,
   "reproduced_full": false,
   "kate_covered": false
  },
  {
   "orid": "IYSBJvVRTx",
   "title": "Geometric Flow Grounding: A Unified Manifold Decoupling Framework for Dynamics Discovery and Verification",
   "area": "Applications",
   "n_claims": 0,
   "gpu": true,
   "data_access": "open_or_public_signal",
   "n_solutions": 0,
   "best_points": 0,
   "best_max": 0,
   "reproduced_any": false,
   "reproduced_full": false,
   "kate_covered": false
  },
  {
   "orid": "DuaA7vJGF6",
   "title": "Geometric Pocket-Centric Protein Encoding for Polypharmacology-Guided Multi-Target Drug Design",
   "area": "Applications",
   "n_claims": 0,
   "gpu": true,
   "data_access": "unknown",
   "n_solutions": 0,
   "best_points": 0,
   "best_max": 0,
   "reproduced_any": false,
   "reproduced_full": false,
   "kate_covered": false
  },
  {
   "orid": "hZ0xrfUenD",
   "title": "Geometrically Constrained Stenosis Editing in Coronary Angiography via Entropic Optimal Transport",
   "area": "Applications",
   "n_claims": 6,
   "gpu": true,
   "data_access": "open_or_public_signal",
   "n_solutions": 0,
   "best_points": 0,
   "best_max": 0,
   "reproduced_any": false,
   "reproduced_full": false,
   "kate_covered": false
  },
  {
   "orid": "ieUVj77Hsz",
   "title": "Geometry-Guided Generative Representation for Functional Brain Graphs",
   "area": "Applications",
   "n_claims": 0,
   "gpu": true,
   "data_access": "open_or_public_signal",
   "n_solutions": 0,
   "best_points": 0,
   "best_max": 0,
   "reproduced_any": false,
   "reproduced_full": false,
   "kate_covered": false
  },
  {
   "orid": "jI2TM7Kzlu",
   "title": "Global Credit Assignment via Dynamical Criticality",
   "area": "Applications",
   "n_claims": 0,
   "gpu": false,
   "data_access": "open_or_public_signal",
   "n_solutions": 0,
   "best_points": 0,
   "best_max": 0,
   "reproduced_any": false,
   "reproduced_full": false,
   "kate_covered": false
  },
  {
   "orid": "mURSJDd7hU",
   "title": "HDTree: Generative Modeling of Cellular Hierarchies for Robust Lineage Inference",
   "area": "Applications",
   "n_claims": 5,
   "gpu": true,
   "data_access": "open_or_public_signal",
   "n_solutions": 0,
   "best_points": 0,
   "best_max": 0,
   "reproduced_any": false,
   "reproduced_full": false,
   "kate_covered": false
  },
  {
   "orid": "qj4EnIvNU4",
   "title": "HEARTS: Benchmarking LLM Reasoning on Health Time Series",
   "area": "Applications",
   "n_claims": 5,
   "gpu": true,
   "data_access": "open_or_public_signal",
   "n_solutions": 3,
   "best_points": 4,
   "best_max": 10,
   "reproduced_any": true,
   "reproduced_full": false,
   "kate_covered": false
  },
  {
   "orid": "UwPbsFk2Dh",
   "title": "HEXST: Hexagonal Shifted-Window Transformer for Spatial Transcriptomics Gene Expression Prediction",
   "area": "Applications",
   "n_claims": 5,
   "gpu": true,
   "data_access": "open_or_public_signal",
   "n_solutions": 0,
   "best_points": 0,
   "best_max": 0,
   "reproduced_any": false,
   "reproduced_full": false,
   "kate_covered": false
  },
  {
   "orid": "tb2aPbeg86",
   "title": "HVR-Met: A Hypothesis-Verification-Replanning Agentic System for Extreme Weather Diagnosis",
   "area": "Applications",
   "n_claims": 6,
   "gpu": false,
   "data_access": "simulation_or_synthetic",
   "n_solutions": 0,
   "best_points": 0,
   "best_max": 0,
   "reproduced_any": false,
   "reproduced_full": false,
   "kate_covered": false
  },
  {
   "orid": "iCjSoADDPs",
   "title": "Harnessing Spectrum Video for Subject-Level Few-Shot and Cross-Montage EEG Generalization",
   "area": "Applications",
   "n_claims": 0,
   "gpu": true,
   "data_access": "open_or_public_signal",
   "n_solutions": 0,
   "best_points": 0,
   "best_max": 0,
   "reproduced_any": false,
   "reproduced_full": false,
   "kate_covered": false
  },
  {
   "orid": "ptbzlHzmEv",
   "title": "HiST: A Hierarchical Sparse Transformer for Cross-Modal Spatial Transcriptomics Modeling",
   "area": "Applications",
   "n_claims": 5,
   "gpu": true,
   "data_access": "simulation_or_synthetic",
   "n_solutions": 0,
   "best_points": 0,
   "best_max": 0,
   "reproduced_any": false,
   "reproduced_full": false,
   "kate_covered": false
  },
  {
   "orid": "Pt4aUwYJCu",
   "title": "High-Dimensional Sensitivity Analysis for Genomic Studies: An Adversarial Framework for Learning Worst-Case Latent Confounders",
   "area": "Applications",
   "n_claims": 0,
   "gpu": true,
   "data_access": "simulation_or_synthetic",
   "n_solutions": 0,
   "best_points": 0,
   "best_max": 0,
   "reproduced_any": false,
   "reproduced_full": false,
   "kate_covered": false
  },
  {
   "orid": "35eaElDnaD",
   "title": "High-Fidelity ANN-to-SNN Conversion via Closed-Loop CKA Distillation",
   "area": "Applications",
   "n_claims": 0,
   "gpu": false,
   "data_access": "unknown",
   "n_solutions": 0,
   "best_points": 0,
   "best_max": 0,
   "reproduced_any": false,
   "reproduced_full": false,
   "kate_covered": false
  },
  {
   "orid": "otBTuq5AKB",
   "title": "How (Not) to Hybridize Neural and Mechanistic Models for Epidemiological Forecasting",
   "area": "Applications",
   "n_claims": 5,
   "gpu": false,
   "data_access": "open_or_public_signal",
   "n_solutions": 1,
   "best_points": 4,
   "best_max": 10,
   "reproduced_any": true,
   "reproduced_full": false,
   "kate_covered": false
  },
  {
   "orid": "YzlscRoNUj",
   "title": "How Should Transformers Encode Numeric Values in Electronic Health Records?",
   "area": "Applications",
   "n_claims": 0,
   "gpu": true,
   "data_access": "open_or_public_signal",
   "n_solutions": 1,
   "best_points": 0,
   "best_max": 6,
   "reproduced_any": false,
   "reproduced_full": false,
   "kate_covered": false
  },
  {
   "orid": "4S92fyThbQ",
   "title": "How do Humans Process AI-generated Hallucination Contents: a Neuroimaging Study",
   "area": "Applications",
   "n_claims": 0,
   "gpu": true,
   "data_access": "open_or_public_signal",
   "n_solutions": 0,
   "best_points": 0,
   "best_max": 0,
   "reproduced_any": false,
   "reproduced_full": false,
   "kate_covered": false
  },
  {
   "orid": "WXNjDNDnpy",
   "title": "Hyperbolic neural population geometry benefits computation",
   "area": "Applications",
   "n_claims": 5,
   "gpu": false,
   "data_access": "simulation_or_synthetic",
   "n_solutions": 0,
   "best_points": 0,
   "best_max": 0,
   "reproduced_any": false,
   "reproduced_full": false,
   "kate_covered": false
  },
  {
   "orid": "7cZztVrgR0",
   "title": "IVQA-LD: Inclusive Multimodal Understanding for Population with Limb Deficiency",
   "area": "Applications",
   "n_claims": 0,
   "gpu": true,
   "data_access": "open_or_public_signal",
   "n_solutions": 0,
   "best_points": 0,
   "best_max": 0,
   "reproduced_any": false,
   "reproduced_full": false,
   "kate_covered": false
  },
  {
   "orid": "AuiUlu3OmT",
   "title": "Identifying Connectivity Distributions from Neural Dynamics Using Flows",
   "area": "Applications",
   "n_claims": 5,
   "gpu": false,
   "data_access": "open_or_public_signal",
   "n_solutions": 1,
   "best_points": 8,
   "best_max": 10,
   "reproduced_any": true,
   "reproduced_full": false,
   "kate_covered": false
  },
  {
   "orid": "iPTCYxloni",
   "title": "Image-to-Brain Signal Generation for Visual Prosthesis with CLIP Guided Multimodal Diffusion Models",
   "area": "Applications",
   "n_claims": 5,
   "gpu": true,
   "data_access": "open_or_public_signal",
   "n_solutions": 0,
   "best_points": 0,
   "best_max": 0,
   "reproduced_any": false,
   "reproduced_full": false,
   "kate_covered": false
  },
  {
   "orid": "kbhIfLokFn",
   "title": "Inference-time optimization for experiment-grounded protein ensemble generation",
   "area": "Applications",
   "n_claims": 5,
   "gpu": true,
   "data_access": "open_or_public_signal",
   "n_solutions": 0,
   "best_points": 0,
   "best_max": 0,
   "reproduced_any": false,
   "reproduced_full": false,
   "kate_covered": false
  },
  {
   "orid": "z2vVeIscEd",
   "title": "InfiMed-ORBIT: Aligning LLMs on Open-Ended Complex Tasks via Rubric-Based Incremental Training",
   "area": "Applications",
   "n_claims": 6,
   "gpu": true,
   "data_access": "open_or_public_signal",
   "n_solutions": 0,
   "best_points": 0,
   "best_max": 0,
   "reproduced_any": false,
   "reproduced_full": false,
   "kate_covered": false
  },
  {
   "orid": "ujiUua1gGV",
   "title": "Influence-Guided Symbolic Regression: Scientific Discovery via LLM-Driven Equation Search with Granular Feedback",
   "area": "Applications",
   "n_claims": 6,
   "gpu": true,
   "data_access": "open_or_public_signal",
   "n_solutions": 0,
   "best_points": 0,
   "best_max": 0,
   "reproduced_any": false,
   "reproduced_full": false,
   "kate_covered": false
  },
  {
   "orid": "LMrsqvShfy",
   "title": "InfoGlobe: Local-and-Global Information-Preserving Statistical Manifold Learning for Single-Cell Transcriptomics",
   "area": "Applications",
   "n_claims": 0,
   "gpu": false,
   "data_access": "simulation_or_synthetic",
   "n_solutions": 0,
   "best_points": 0,
   "best_max": 0,
   "reproduced_any": false,
   "reproduced_full": false,
   "kate_covered": false
  },
  {
   "orid": "gaq60U4jvU",
   "title": "Interpretability Driven Evolutionary Approach for the Design of Biological Sequences",
   "area": "Applications",
   "n_claims": 0,
   "gpu": true,
   "data_access": "open_or_public_signal",
   "n_solutions": 0,
   "best_points": 0,
   "best_max": 0,
   "reproduced_any": false,
   "reproduced_full": false,
   "kate_covered": false
  },
  {
   "orid": "nG9bsQq2N6",
   "title": "Interpretable Neural ODEs for Gene Regulatory Network Discovery under Perturbations",
   "area": "Applications",
   "n_claims": 6,
   "gpu": true,
   "data_access": "open_or_public_signal",
   "n_solutions": 0,
   "best_points": 0,
   "best_max": 0,
   "reproduced_any": false,
   "reproduced_full": false,
   "kate_covered": false
  },
  {
   "orid": "boBP35BB2U",
   "title": "Interpreting Genomic Language Models using Sparse Autoencoders",
   "area": "Applications",
   "n_claims": 0,
   "gpu": false,
   "data_access": "open_or_public_signal",
   "n_solutions": 0,
   "best_points": 0,
   "best_max": 0,
   "reproduced_any": false,
   "reproduced_full": false,
   "kate_covered": false
  },
  {
   "orid": "SoilRyCv1i",
   "title": "JADE: Expert-Grounded Dynamic Evaluation for Open-Ended Professional Tasks",
   "area": "Applications",
   "n_claims": 6,
   "gpu": true,
   "data_access": "open_or_public_signal",
   "n_solutions": 2,
   "best_points": 5,
   "best_max": 12,
   "reproduced_any": true,
   "reproduced_full": false,
   "kate_covered": false
  },
  {
   "orid": "2ftHZlIUKE",
   "title": "LALM-as-a-Judge: Benchmarking Large Audio-Language Models for Safety Evaluation in Multi-Turn Spoken Dialogues",
   "area": "Applications",
   "n_claims": 4,
   "gpu": true,
   "data_access": "simulation_or_synthetic",
   "n_solutions": 0,
   "best_points": 0,
   "best_max": 0,
   "reproduced_any": false,
   "reproduced_full": false,
   "kate_covered": false
  },
  {
   "orid": "v4hQnJn6aN",
   "title": "LDARNet: DNA Adaptive Representation Network with Learnable Tokenization for Genomic Modeling",
   "area": "Applications",
   "n_claims": 6,
   "gpu": true,
   "data_access": "simulation_or_synthetic",
   "n_solutions": 0,
   "best_points": 0,
   "best_max": 0,
   "reproduced_any": false,
   "reproduced_full": false,
   "kate_covered": false
  },
  {
   "orid": "B5DAV1EA8Z",
   "title": "LERD: Latent Event-Relational Dynamics for Neurodegenerative Classification",
   "area": "Applications",
   "n_claims": 6,
   "gpu": true,
   "data_access": "simulation_or_synthetic",
   "n_solutions": 1,
   "best_points": 3,
   "best_max": 12,
   "reproduced_any": true,
   "reproduced_full": false,
   "kate_covered": true
  },
  {
   "orid": "xwQytK4Yio",
   "title": "LIF Recurrent Memory Enables Long-Horizon Spiking Computation",
   "area": "Applications",
   "n_claims": 0,
   "gpu": false,
   "data_access": "open_or_public_signal",
   "n_solutions": 0,
   "best_points": 0,
   "best_max": 0,
   "reproduced_any": false,
   "reproduced_full": false,
   "kate_covered": false
  },
  {
   "orid": "AftqpgG6Ja",
   "title": "LLM-Guided Diagnostic Evidence Alignment for Medical Vision\u2013Language Pretraining under Limited Pairing",
   "area": "Applications",
   "n_claims": 5,
   "gpu": true,
   "data_access": "open_or_public_signal",
   "n_solutions": 0,
   "best_points": 0,
   "best_max": 0,
   "reproduced_any": false,
   "reproduced_full": false,
   "kate_covered": false
  },
  {
   "orid": "cNplXlpf7r",
   "title": "Large-Scale Molecular Dynamics Simulations: Direct Interatomic Modeling with Dilated Message Passing",
   "area": "Applications",
   "n_claims": 0,
   "gpu": true,
   "data_access": "open_or_public_signal",
   "n_solutions": 0,
   "best_points": 0,
   "best_max": 0,
   "reproduced_any": false,
   "reproduced_full": false,
   "kate_covered": false
  },
  {
   "orid": "8GH752ZJ5j",
   "title": "Large-Scale Notification Dispatch with Bundle Treatments and Multi-Outcome Uplift Optimization",
   "area": "Applications",
   "n_claims": 0,
   "gpu": true,
   "data_access": "unknown",
   "n_solutions": 1,
   "best_points": 1,
   "best_max": 4,
   "reproduced_any": true,
   "reproduced_full": false,
   "kate_covered": false
  },
  {
   "orid": "aJVkQAd7tv",
   "title": "Learning Adaptive Perturbation-Conditioned Contexts for Robust Transcriptional Response Prediction",
   "area": "Applications",
   "n_claims": 5,
   "gpu": false,
   "data_access": "simulation_or_synthetic",
   "n_solutions": 0,
   "best_points": 0,
   "best_max": 0,
   "reproduced_any": false,
   "reproduced_full": false,
   "kate_covered": false
  },
  {
   "orid": "68GUslfGLY",
   "title": "Learning Adaptive Topology with FiLM-Guided Distillation for Tertiary Structure-Based RNA Design",
   "area": "Applications",
   "n_claims": 0,
   "gpu": true,
   "data_access": "open_or_public_signal",
   "n_solutions": 0,
   "best_points": 0,
   "best_max": 0,
   "reproduced_any": false,
   "reproduced_full": false,
   "kate_covered": false
  },
  {
   "orid": "4hoiRJsmpp",
   "title": "Learning Biophysical Models of Large-Scale Multineuronal Data To Enable Precise Neurostimulation",
   "area": "Applications",
   "n_claims": 0,
   "gpu": true,
   "data_access": "open_or_public_signal",
   "n_solutions": 0,
   "best_points": 0,
   "best_max": 0,
   "reproduced_any": false,
   "reproduced_full": false,
   "kate_covered": false
  },
  {
   "orid": "hS6iw4PM8K",
   "title": "Learning Cardiac Latent Representations in Vectorcardiogram Space",
   "area": "Applications",
   "n_claims": 6,
   "gpu": true,
   "data_access": "open_or_public_signal",
   "n_solutions": 1,
   "best_points": 1,
   "best_max": 12,
   "reproduced_any": true,
   "reproduced_full": false,
   "kate_covered": true
  },
  {
   "orid": "lrRBHFIgaK",
   "title": "Learning Fingerprints for Medical Time Series with Redundancy-Constrained Information Maximization",
   "area": "Applications",
   "n_claims": 6,
   "gpu": true,
   "data_access": "open_or_public_signal",
   "n_solutions": 1,
   "best_points": 8,
   "best_max": 12,
   "reproduced_any": true,
   "reproduced_full": false,
   "kate_covered": false
  },
  {
   "orid": "j5vTJrpoeL",
   "title": "Learning Multi-Scale Hypergraph for High-Order Brain Connectivity Analysis",
   "area": "Applications",
   "n_claims": 6,
   "gpu": true,
   "data_access": "simulation_or_synthetic",
   "n_solutions": 0,
   "best_points": 0,
   "best_max": 0,
   "reproduced_any": false,
   "reproduced_full": false,
   "kate_covered": false
  },
  {
   "orid": "OM0C7jyV0p",
   "title": "Learning Protein Structure-Function Relationships through Knowledge-guided Representation Decomposition",
   "area": "Applications",
   "n_claims": 4,
   "gpu": true,
   "data_access": "open_or_public_signal",
   "n_solutions": 0,
   "best_points": 0,
   "best_max": 0,
   "reproduced_any": false,
   "reproduced_full": false,
   "kate_covered": false
  },
  {
   "orid": "9kWVQtpvJi",
   "title": "Learning Treatment Allocations with Risk Control Under Partial Identifiability",
   "area": "Applications",
   "n_claims": 5,
   "gpu": false,
   "data_access": "open_or_public_signal",
   "n_solutions": 2,
   "best_points": 5,
   "best_max": 10,
   "reproduced_any": true,
   "reproduced_full": false,
   "kate_covered": true
  },
  {
   "orid": "p7PPMKTPJp",
   "title": "Learning the Interaction Prior for Protein-Protein Interaction Prediction: A Model-Agnostic Approach",
   "area": "Applications",
   "n_claims": 5,
   "gpu": false,
   "data_access": "open_or_public_signal",
   "n_solutions": 0,
   "best_points": 0,
   "best_max": 0,
   "reproduced_any": false,
   "reproduced_full": false,
   "kate_covered": false
  },
  {
   "orid": "4iupzej9nT",
   "title": "Less Token, More Signal: MoE Expert Pruning via Critical Token Selection",
   "area": "Applications",
   "n_claims": 0,
   "gpu": true,
   "data_access": "simulation_or_synthetic",
   "n_solutions": 2,
   "best_points": 2,
   "best_max": 4,
   "reproduced_any": true,
   "reproduced_full": false,
   "kate_covered": false
  },
  {
   "orid": "TP8OuKKmsf",
   "title": "Let EEG Models Learn EEG",
   "area": "Applications",
   "n_claims": 6,
   "gpu": true,
   "data_access": "open_or_public_signal",
   "n_solutions": 0,
   "best_points": 0,
   "best_max": 0,
   "reproduced_any": false,
   "reproduced_full": false,
   "kate_covered": false
  },
  {
   "orid": "wqS6MURCFQ",
   "title": "Leveraging Lineage Barcodes as Natural Augmentations for Contrastive Learning of Cell Fate in scRNA-seq Data",
   "area": "Applications",
   "n_claims": 0,
   "gpu": false,
   "data_access": "open_or_public_signal",
   "n_solutions": 0,
   "best_points": 0,
   "best_max": 0,
   "reproduced_any": false,
   "reproduced_full": false,
   "kate_covered": false
  },
  {
   "orid": "WK1NvxRMsL",
   "title": "Linguistic Properties and Model Scale in Brain Encoding: From Small to Compressed Language Models",
   "area": "Applications",
   "n_claims": 6,
   "gpu": true,
   "data_access": "unknown",
   "n_solutions": 0,
   "best_points": 0,
   "best_max": 0,
   "reproduced_any": false,
   "reproduced_full": false,
   "kate_covered": false
  },
  {
   "orid": "1AyRuF9ULp",
   "title": "LipoPU: Pocket-level Prediction of Lipid-Protein Interactions via Positive-Unlabeled Learning",
   "area": "Applications",
   "n_claims": 0,
   "gpu": false,
   "data_access": "unknown",
   "n_solutions": 2,
   "best_points": 5,
   "best_max": 6,
   "reproduced_any": true,
   "reproduced_full": false,
   "kate_covered": false
  },
  {
   "orid": "EYAfw6czcC",
   "title": "Listening Through the Noise: Cauchy-Driven Diffusion Bridges for Robust Gastrointestinal Auscultation and Clinical Benchmarking",
   "area": "Applications",
   "n_claims": 0,
   "gpu": true,
   "data_access": "open_or_public_signal",
   "n_solutions": 1,
   "best_points": 0,
   "best_max": 6,
   "reproduced_any": false,
   "reproduced_full": false,
   "kate_covered": false
  },
  {
   "orid": "pn5lQVm3DH",
   "title": "M-IDoL: Information Decomposition for Modality-Specific and Diverse Representation Learning in Medical Foundation Model",
   "area": "Applications",
   "n_claims": 5,
   "gpu": true,
   "data_access": "simulation_or_synthetic",
   "n_solutions": 0,
   "best_points": 0,
   "best_max": 0,
   "reproduced_any": false,
   "reproduced_full": false,
   "kate_covered": false
  },
  {
   "orid": "VzZxoRiU3G",
   "title": "MEDA: Medical-Oriented Activation Editing for Hallucination Mitigation in Medical Large Vision-Language Model",
   "area": "Applications",
   "n_claims": 0,
   "gpu": false,
   "data_access": "simulation_or_synthetic",
   "n_solutions": 1,
   "best_points": 0,
   "best_max": 4,
   "reproduced_any": false,
   "reproduced_full": false,
   "kate_covered": false
  },
  {
   "orid": "cefix4VmhS",
   "title": "MEG-XL: Data-Efficient Brain-to-Text via Long-Context Pre-Training",
   "area": "Applications",
   "n_claims": 6,
   "gpu": true,
   "data_access": "open_or_public_signal",
   "n_solutions": 0,
   "best_points": 0,
   "best_max": 0,
   "reproduced_any": false,
   "reproduced_full": false,
   "kate_covered": false
  },
  {
   "orid": "vL1xAHOUmd",
   "title": "MM-Snowball: Evaluating and Mitigating Hallucination Snowballing in Multimodal Multi-Turn Dialogue",
   "area": "Applications",
   "n_claims": 5,
   "gpu": true,
   "data_access": "open_or_public_signal",
   "n_solutions": 0,
   "best_points": 0,
   "best_max": 0,
   "reproduced_any": false,
   "reproduced_full": false,
   "kate_covered": false
  },
  {
   "orid": "uHxt1ZRPLJ",
   "title": "MOES-Pred: Molecular Structural Representation Learning by  Adaptive Energy-Sentinel Vibration for Generalized Property Prediction",
   "area": "Applications",
   "n_claims": 0,
   "gpu": true,
   "data_access": "open_or_public_signal",
   "n_solutions": 0,
   "best_points": 0,
   "best_max": 0,
   "reproduced_any": false,
   "reproduced_full": false,
   "kate_covered": false
  },
  {
   "orid": "Cdi2lBTm3M",
   "title": "MacroGuide: Topological Guidance for Macrocycle Generation",
   "area": "Applications",
   "n_claims": 6,
   "gpu": true,
   "data_access": "open_or_public_signal",
   "n_solutions": 0,
   "best_points": 0,
   "best_max": 0,
   "reproduced_any": false,
   "reproduced_full": false,
   "kate_covered": false
  },
  {
   "orid": "9GKURFWGeh",
   "title": "Marrying Generative Model of Healthcare Events with Digital Twin of Social Determinants of Health for Disease Reasoning",
   "area": "Applications",
   "n_claims": 6,
   "gpu": true,
   "data_access": "open_or_public_signal",
   "n_solutions": 1,
   "best_points": 6,
   "best_max": 12,
   "reproduced_any": true,
   "reproduced_full": false,
   "kate_covered": false
  },
  {
   "orid": "iTkQLqa1Ha",
   "title": "Med-Scout: Curing MLLMs' Geometric Blindness in Medical Perception via Geometry-Aware RL Post-Training",
   "area": "Applications",
   "n_claims": 6,
   "gpu": true,
   "data_access": "private_or_restricted_signal",
   "n_solutions": 0,
   "best_points": 0,
   "best_max": 0,
   "reproduced_any": false,
   "reproduced_full": false,
   "kate_covered": false
  },
  {
   "orid": "vaRFU0xKQa",
   "title": "Med-SegLens: Latent-Level Model Diffing for Interpretable Medical Image Segmentation",
   "area": "Applications",
   "n_claims": 6,
   "gpu": false,
   "data_access": "open_or_public_signal",
   "n_solutions": 1,
   "best_points": 5,
   "best_max": 12,
   "reproduced_any": true,
   "reproduced_full": false,
   "kate_covered": false
  },
  {
   "orid": "v0DWbfP3b9",
   "title": "MedCRP-CL: Continual Medical Image Segmentation via Bayesian Nonparametric Semantic Modality Discovery",
   "area": "Applications",
   "n_claims": 5,
   "gpu": false,
   "data_access": "open_or_public_signal",
   "n_solutions": 1,
   "best_points": 0,
   "best_max": 10,
   "reproduced_any": false,
   "reproduced_full": false,
   "kate_covered": true
  },
  {
   "orid": "tQCMbay712",
   "title": "MedCoG: Maximizing LLM Inference Density in Medical Reasoning via Meta-Cognitive Regulation",
   "area": "Applications",
   "n_claims": 6,
   "gpu": true,
   "data_access": "simulation_or_synthetic",
   "n_solutions": 1,
   "best_points": 3,
   "best_max": 12,
   "reproduced_any": true,
   "reproduced_full": false,
   "kate_covered": false
  },
  {
   "orid": "OMdQJQwp26",
   "title": "MedMosaic: A Challenging Large Scale Benchmark of Diverse Medical Audio",
   "area": "Applications",
   "n_claims": 6,
   "gpu": true,
   "data_access": "open_or_public_signal",
   "n_solutions": 4,
   "best_points": 8,
   "best_max": 12,
   "reproduced_any": true,
   "reproduced_full": false,
   "kate_covered": false
  },
  {
   "orid": "XFHjS8kw6X",
   "title": "MedREK: Retrieval-Based Editing for Medical LLMs with Key-Aware Prompts",
   "area": "Applications",
   "n_claims": 5,
   "gpu": true,
   "data_access": "simulation_or_synthetic",
   "n_solutions": 0,
   "best_points": 0,
   "best_max": 0,
   "reproduced_any": false,
   "reproduced_full": false,
   "kate_covered": false
  },
  {
   "orid": "a7mORMEWYX",
   "title": "MedSIGHT: Towards Grounded Visual Comprehension in Medical Large Vision-Language Models",
   "area": "Applications",
   "n_claims": 6,
   "gpu": true,
   "data_access": "open_or_public_signal",
   "n_solutions": 0,
   "best_points": 0,
   "best_max": 0,
   "reproduced_any": false,
   "reproduced_full": false,
[...]
   "kate_covered": false
  },
  {
   "orid": "nGlwpZFZre",
   "title": "Differentially Private Geodesic Regression",
   "area": "Social Aspects",
   "n_claims": 5,
   "gpu": false,
   "data_access": "open_or_public_signal",
   "n_solutions": 0,
   "best_points": 0,
   "best_max": 0,
   "reproduced_any": false,
   "reproduced_full": false,
   "kate_covered": false
  },
  {
   "orid": "hz9iYayl8F",
   "title": "Equalized Generative Treatment: Matching f-divergences for Fairness in Generative Models",
   "area": "Social Aspects",
   "n_claims": 5,
   "gpu": true,
   "data_access": "unknown",
   "n_solutions": 0,
   "best_points": 0,
   "best_max": 0,
   "reproduced_any": false,
   "reproduced_full": false,
   "kate_covered": false
  },
  {
   "orid": "2rukwU6tI3",
   "title": "Evolving Interpretable Constitutions for Multi-Agent Coordination",
   "area": "Social Aspects",
   "n_claims": 5,
   "gpu": true,
   "data_access": "simulation_or_synthetic",
   "n_solutions": 0,
   "best_points": 0,
   "best_max": 0,
   "reproduced_any": false,
   "reproduced_full": false,
   "kate_covered": false
  },
  {
   "orid": "lXFl4K74gX",
   "title": "FairSSL: Fair Multimodal Self-Supervised Learning",
   "area": "Social Aspects",
   "n_claims": 0,
   "gpu": true,
   "data_access": "open_or_public_signal",
   "n_solutions": 0,
   "best_points": 0,
   "best_max": 0,
   "reproduced_any": false,
   "reproduced_full": false,
   "kate_covered": false
  },
  {
   "orid": "UXbNXAJRCo",
   "title": "FakeWorld 1.0: An Omni-modal Benchmark for Fake Media and Content",
   "area": "Social Aspects",
   "n_claims": 0,
   "gpu": true,
   "data_access": "simulation_or_synthetic",
   "n_solutions": 0,
   "best_points": 0,
   "best_max": 0,
   "reproduced_any": false,
   "reproduced_full": false,
   "kate_covered": false
  },
  {
   "orid": "UWLHtRaVHp",
   "title": "Falling Trees: A Model Class for Interpretable Risk Prioritization",
   "area": "Social Aspects",
   "n_claims": 0,
   "gpu": false,
   "data_access": "open_or_public_signal",
   "n_solutions": 0,
   "best_points": 0,
   "best_max": 0,
   "reproduced_any": false,
   "reproduced_full": false,
   "kate_covered": false
  },
  {
   "orid": "st1MolZlTP",
   "title": "Finding Differentially Private Second Order Stationary Points in Stochastic Minimax Optimization",
   "area": "Social Aspects",
   "n_claims": 5,
   "gpu": false,
   "data_access": "simulation_or_synthetic",
   "n_solutions": 1,
   "best_points": 7,
   "best_max": 10,
   "reproduced_any": true,
   "reproduced_full": false,
   "kate_covered": false
  },
  {
   "orid": "l3yzuHKpNe",
   "title": "From Internal Diagnosis to External Auditing: A VLM-Driven Paradigm for Data-Free Online Backdoor Defense",
   "area": "Social Aspects",
   "n_claims": 6,
   "gpu": false,
   "data_access": "open_or_public_signal",
   "n_solutions": 0,
   "best_points": 0,
   "best_max": 0,
   "reproduced_any": false,
   "reproduced_full": false,
   "kate_covered": false
  },
  {
   "orid": "SldP4LGjdz",
   "title": "Functional Decomposition and Shapley Interactions for Interpreting Survival Models",
   "area": "Social Aspects",
   "n_claims": 6,
   "gpu": true,
   "data_access": "open_or_public_signal",
   "n_solutions": 3,
   "best_points": 8,
   "best_max": 12,
   "reproduced_any": true,
   "reproduced_full": false,
   "kate_covered": true
  },
  {
   "orid": "sY418Hdtrw",
   "title": "Furina: Fragmented Uncertainty-Driven Refusal Instability Attack",
   "area": "Social Aspects",
   "n_claims": 6,
   "gpu": true,
   "data_access": "open_or_public_signal",
   "n_solutions": 0,
   "best_points": 0,
   "best_max": 0,
   "reproduced_any": false,
   "reproduced_full": false,
   "kate_covered": false
  },
  {
   "orid": "4unkIqlZN5",
   "title": "Homophily-Heterogeneity Gradient Surgery for Federated Graph Learning",
   "area": "Social Aspects",
   "n_claims": 0,
   "gpu": false,
   "data_access": "theory_or_no_external_data",
   "n_solutions": 0,
   "best_points": 0,
   "best_max": 0,
   "reproduced_any": false,
   "reproduced_full": false,
   "kate_covered": false
  },
  {
   "orid": "vPUInIYURl",
   "title": "Induction Meets Biology: Mechanisms of Repeat Detection in Protein Language Models",
   "area": "Social Aspects",
   "n_claims": 5,
   "gpu": false,
   "data_access": "simulation_or_synthetic",
   "n_solutions": 1,
   "best_points": 6,
   "best_max": 10,
   "reproduced_any": true,
   "reproduced_full": false,
   "kate_covered": false
  },
  {
   "orid": "0BVhmHnYb7",
   "title": "Introspection Adapters: Training LLMs to Report Their Learned Behaviors",
   "area": "Social Aspects",
   "n_claims": 5,
   "gpu": true,
   "data_access": "open_or_public_signal",
   "n_solutions": 0,
   "best_points": 0,
   "best_max": 0,
   "reproduced_any": false,
   "reproduced_full": false,
   "kate_covered": false
  },
  {
   "orid": "viOFFYQPgL",
   "title": "MAFE: Enabling Equitable Algorithm Design in Multi-Agent Multi-Stage Decision-Making Systems",
   "area": "Social Aspects",
   "n_claims": 5,
   "gpu": false,
   "data_access": "open_or_public_signal",
   "n_solutions": 0,
   "best_points": 0,
   "best_max": 0,
   "reproduced_any": false,
   "reproduced_full": false,
   "kate_covered": false
  },
  {
   "orid": "il6P7EHU1w",
   "title": "MORALISE: A Structured Benchmark for Moral Alignment in Visual Language Models",
   "area": "Social Aspects",
   "n_claims": 5,
   "gpu": true,
   "data_access": "open_or_public_signal",
   "n_solutions": 0,
   "best_points": 0,
   "best_max": 0,
   "reproduced_any": false,
   "reproduced_full": false,
   "kate_covered": false
  },
  {
   "orid": "VxTzkpoVlB",
   "title": "Metis: Learning to Jailbreak LLMs via Self-Evolving Metacognitive Policy Optimization",
   "area": "Social Aspects",
   "n_claims": 6,
   "gpu": true,
   "data_access": "simulation_or_synthetic",
   "n_solutions": 0,
   "best_points": 0,
   "best_max": 0,
   "reproduced_any": false,
   "reproduced_full": false,
   "kate_covered": false
  },
  {
   "orid": "k0VozzvIqL",
   "title": "Privasis: Synthesizing the Largest \"Public\" Private Dataset from Scratch",
   "area": "Social Aspects",
   "n_claims": 5,
   "gpu": true,
   "data_access": "private_or_restricted_signal",
   "n_solutions": 0,
   "best_points": 0,
   "best_max": 0,
   "reproduced_any": false,
   "reproduced_full": false,
   "kate_covered": false
  },
  {
   "orid": "hZJAUJ5l9t",
   "title": "Privately Fine-Tuned LLMs Preserve Temporal Dynamics in Tabular Data",
   "area": "Social Aspects",
   "n_claims": 6,
   "gpu": true,
   "data_access": "open_or_public_signal",
   "n_solutions": 0,
   "best_points": 0,
   "best_max": 0,
   "reproduced_any": false,
   "reproduced_full": false,
   "kate_covered": false
  },
  {
   "orid": "2rHDObXYYH",
   "title": "ProbeLLM: Automating Principled Diagnosis of LLM Failures",
   "area": "Social Aspects",
   "n_claims": 6,
   "gpu": true,
   "data_access": "simulation_or_synthetic",
   "n_solutions": 0,
   "best_points": 0,
   "best_max": 0,
   "reproduced_any": false,
   "reproduced_full": false,
   "kate_covered": false
  },
  {
   "orid": "oF1m3duFCZ",
   "title": "Revisiting Asymmetries in Black-box Link Stealing against Graph Neural Networks",
   "area": "Social Aspects",
   "n_claims": 0,
   "gpu": true,
   "data_access": "open_or_public_signal",
   "n_solutions": 0,
   "best_points": 0,
   "best_max": 0,
   "reproduced_any": false,
   "reproduced_full": false,
   "kate_covered": false
  },
  {
   "orid": "Leijxx6Czi",
   "title": "STARE: Step-wise Temporal Alignment and Red-teaming Engine for Multi-modal Toxicity Attack",
   "area": "Social Aspects",
   "n_claims": 5,
   "gpu": true,
   "data_access": "simulation_or_synthetic",
   "n_solutions": 0,
   "best_points": 0,
   "best_max": 0,
   "reproduced_any": false,
   "reproduced_full": false,
   "kate_covered": false
  },
  {
   "orid": "7tt8TwMjdJ",
   "title": "SVD as a Fast Interpretability Method for Transformers",
   "area": "Social Aspects",
   "n_claims": 0,
   "gpu": true,
   "data_access": "simulation_or_synthetic",
   "n_solutions": 1,
   "best_points": 2,
   "best_max": 4,
   "reproduced_any": true,
   "reproduced_full": false,
   "kate_covered": false
  },
  {
   "orid": "0wxnefBSTB",
   "title": "Shift-Dependent Asymmetry: Orthogonal Inverse Low-Rank Adaptation for Federated Medical Segmentation",
   "area": "Social Aspects",
   "n_claims": 6,
   "gpu": true,
   "data_access": "theory_or_no_external_data",
   "n_solutions": 1,
   "best_points": 7,
   "best_max": 12,
   "reproduced_any": true,
   "reproduced_full": false,
   "kate_covered": false
  },
  {
   "orid": "A3920YD7ue",
   "title": "State-Dependent Safety Failures in Multi-Turn Language Model Interaction",
   "area": "Social Aspects",
   "n_claims": 5,
   "gpu": true,
   "data_access": "simulation_or_synthetic",
   "n_solutions": 0,
   "best_points": 0,
   "best_max": 0,
   "reproduced_any": false,
   "reproduced_full": false,
   "kate_covered": false
  },
  {
   "orid": "Zdx1hFJarp",
   "title": "SurrogateSHAP: Training-Free Contributor Attribution for Text-to-Image (T2I) Models",
   "area": "Social Aspects",
   "n_claims": 6,
   "gpu": true,
   "data_access": "open_or_public_signal",
   "n_solutions": 0,
   "best_points": 0,
   "best_max": 0,
   "reproduced_any": false,
   "reproduced_full": false,
   "kate_covered": false
  },
  {
   "orid": "vGnsSTcebc",
   "title": "Symbal: Detecting Systematic Misalignments in Model-Generated Captions",
   "area": "Social Aspects",
   "n_claims": 0,
   "gpu": true,
   "data_access": "open_or_public_signal",
   "n_solutions": 0,
   "best_points": 0,
   "best_max": 0,
   "reproduced_any": false,
   "reproduced_full": false,
   "kate_covered": false
  },
  {
   "orid": "SPLfdwCL1J",
   "title": "Three Years of r/ChatGPT: Societal Impact Evaluations from Social Media Data",
   "area": "Social Aspects",
   "n_claims": 5,
   "gpu": false,
   "data_access": "open_or_public_signal",
   "n_solutions": 0,
   "best_points": 0,
   "best_max": 0,
   "reproduced_any": false,
   "reproduced_full": false,
   "kate_covered": false
  },
  {
   "orid": "doy2uIaAYt",
   "title": "Tracing the Persona Circuit: How Large Language Models Encode and Express Character Traits",
   "area": "Social Aspects",
   "n_claims": 0,
   "gpu": true,
   "data_access": "unknown",
   "n_solutions": 1,
   "best_points": 2,
   "best_max": 4,
   "reproduced_any": true,
   "reproduced_full": false,
   "kate_covered": false
  },
  {
   "orid": "dspqiZrVPK",
   "title": "Unified Time Series Explanations via Amortized Optimization and Instance-level Multi-Expert Knowledge Distillation",
   "area": "Social Aspects",
   "n_claims": 0,
   "gpu": false,
   "data_access": "open_or_public_signal",
   "n_solutions": 0,
   "best_points": 0,
   "best_max": 0,
   "reproduced_any": false,
   "reproduced_full": false,
   "kate_covered": false
  },
  {
   "orid": "hXO2OP0T4w",
   "title": "Anytime Detection of Strategic Deviations in Multi-Agent Systems",
   "area": "Theory",
   "n_claims": 6,
   "gpu": false,
   "data_access": "simulation_or_synthetic",
   "n_solutions": 16,
   "best_points": 12,
   "best_max": 12,
   "reproduced_any": true,
   "reproduced_full": true,
   "kate_covered": false
  },
  {
   "orid": "4OFXgDuRNH",
   "title": "Constrained Meta Reinforcement Learning with Provable Test-Time Safety",
   "area": "Theory",
   "n_claims": 4,
   "gpu": false,
   "data_access": "theory_or_no_external_data",
   "n_solutions": 1,
   "best_points": 3,
   "best_max": 8,
   "reproduced_any": true,
   "reproduced_full": false,
   "kate_covered": false
  },
  {
   "orid": "WlCYSqjnqS",
   "title": "Coupled Training with Privileged Information and Unlabeled Data",
   "area": "Theory",
   "n_claims": 5,
   "gpu": false,
   "data_access": "open_or_public_signal",
   "n_solutions": 2,
   "best_points": 7,
   "best_max": 10,
   "reproduced_any": true,
   "reproduced_full": false,
   "kate_covered": false
  },
  {
   "orid": "GdqrQ75Gg8",
   "title": "Desirable Effort Fairness and Optimality Trade-offs in Strategic Learning",
   "area": "Theory",
   "n_claims": 6,
   "gpu": false,
   "data_access": "open_or_public_signal",
   "n_solutions": 2,
   "best_points": 7,
   "best_max": 12,
   "reproduced_any": true,
   "reproduced_full": false,
   "kate_covered": false
  },
  {
   "orid": "I6xz92EJ4T",
   "title": "Domain Transfer Becomes Identifiable via a Single Alignment",
   "area": "Theory",
   "n_claims": 6,
   "gpu": false,
   "data_access": "simulation_or_synthetic",
   "n_solutions": 1,
   "best_points": 7,
   "best_max": 12,
   "reproduced_any": true,
   "reproduced_full": false,
   "kate_covered": false
  },
  {
   "orid": "cGOX9bOWnj",
   "title": "Dynamic Regret via Discounted-to-Dynamic Reduction with Applications to Curved Losses and Adam Optimizer",
   "area": "Theory",
   "n_claims": 5,
   "gpu": false,
   "data_access": "theory_or_no_external_data",
   "n_solutions": 6,
   "best_points": 8,
   "best_max": 10,
   "reproduced_any": true,
   "reproduced_full": false,
   "kate_covered": false
  },
  {
   "orid": "ziqS4yXFQX",
   "title": "Estimating Continuous Treatment Effects with Two-Stage Kernel Ridge Regression",
   "area": "Theory",
   "n_claims": 5,
   "gpu": false,
   "data_access": "open_or_public_signal",
   "n_solutions": 5,
   "best_points": 10,
   "best_max": 10,
   "reproduced_any": true,
   "reproduced_full": true,
   "kate_covered": false
  },
  {
   "orid": "XEbD5cYpgV",
   "title": "Estimation of Treatment Effects Under Nonstationarity via the Truncated Policy Gradient Estimator",
   "area": "Theory",
   "n_claims": 5,
   "gpu": false,
   "data_access": "open_or_public_signal",
   "n_solutions": 7,
   "best_points": 10,
   "best_max": 10,
   "reproduced_any": true,
   "reproduced_full": true,
   "kate_covered": false
  },
  {
   "orid": "rRb3wl7OF5",
   "title": "Fast Reconstruction of Mixtures of Bernoulli Product Distributions",
   "area": "Theory",
   "n_claims": 0,
   "gpu": false,
   "data_access": "open_or_public_signal",
   "n_solutions": 0,
   "best_points": 0,
   "best_max": 0,
   "reproduced_any": false,
   "reproduced_full": false,
   "kate_covered": false
  },
  {
   "orid": "vmMAa2HGP9",
   "title": "GAAVI: Global Asymptotic Anytime Valid Inference for the Conditional Mean Function",
   "area": "Theory",
   "n_claims": 5,
   "gpu": false,
   "data_access": "open_or_public_signal",
   "n_solutions": 2,
   "best_points": 8,
   "best_max": 10,
   "reproduced_any": true,
   "reproduced_full": false,
   "kate_covered": false
  },
  {
   "orid": "DfZS0M8leJ",
   "title": "Generalized Linear Bandits with Memory",
   "area": "Theory",
   "n_claims": 0,
   "gpu": false,
   "data_access": "theory_or_no_external_data",
   "n_solutions": 3,
   "best_points": 4,
   "best_max": 4,
   "reproduced_any": true,
   "reproduced_full": true,
   "kate_covered": false
  },
  {
   "orid": "FzP6XZGG4d",
   "title": "Human-AI Collaborative Uncertainty Quantification",
   "area": "Theory",
   "n_claims": 5,
   "gpu": false,
   "data_access": "simulation_or_synthetic",
   "n_solutions": 4,
   "best_points": 10,
   "best_max": 10,
   "reproduced_any": true,
   "reproduced_full": true,
   "kate_covered": false
  },
  {
   "orid": "F8R6Z6ty2E",
   "title": "Learning to Rank from Incomplete Rankings",
   "area": "Theory",
   "n_claims": 0,
   "gpu": false,
   "data_access": "theory_or_no_external_data",
   "n_solutions": 2,
   "best_points": 4,
   "best_max": 4,
   "reproduced_any": true,
   "reproduced_full": true,
   "kate_covered": false
  },
  {
   "orid": "ugjBMARbyt",
   "title": "Linear Bandits beyond Inner Product Spaces, the case of Bandit Optimal Transport",
   "area": "Theory",
   "n_claims": 6,
   "gpu": false,
   "data_access": "theory_or_no_external_data",
   "n_solutions": 11,
   "best_points": 12,
   "best_max": 12,
   "reproduced_any": true,
   "reproduced_full": true,
   "kate_covered": false
  },
  {
   "orid": "DsV89lJ58l",
   "title": "Linear Regression with Unknown Truncation Beyond Gaussian Features",
   "area": "Theory",
   "n_claims": 6,
   "gpu": false,
   "data_access": "open_or_public_signal",
   "n_solutions": 11,
   "best_points": 12,
   "best_max": 12,
   "reproduced_any": true,
   "reproduced_full": true,
   "kate_covered": false
  },
  {
   "orid": "RuZi4or26i",
   "title": "Multi-Round Human\u2013AI Collaboration with User-Specified Requirements",
   "area": "Theory",
   "n_claims": 5,
   "gpu": true,
   "data_access": "simulation_or_synthetic",
   "n_solutions": 1,
   "best_points": 6,
   "best_max": 10,
   "reproduced_any": true,
   "reproduced_full": false,
   "kate_covered": false
  },
  {
   "orid": "vpSFJoxyDz",
   "title": "Off-Policy Evaluation for Missingness-Aware Policies in MDPs with Rewards Missing Not at Random",
   "area": "Theory",
   "n_claims": 5,
   "gpu": false,
   "data_access": "open_or_public_signal",
   "n_solutions": 1,
   "best_points": 10,
   "best_max": 10,
   "reproduced_any": true,
   "reproduced_full": true,
   "kate_covered": true
  },
  {
   "orid": "VAXW59dyfk",
   "title": "Optimal Decision-Making Based on Prediction Sets",
   "area": "Theory",
   "n_claims": 4,
   "gpu": false,
   "data_access": "open_or_public_signal",
   "n_solutions": 3,
   "best_points": 6,
   "best_max": 8,
   "reproduced_any": true,
   "reproduced_full": false,
   "kate_covered": true
  },
  {
   "orid": "Yhv4d8wfbi",
   "title": "Probably Approximately Correct Labels",
   "area": "Theory",
   "n_claims": 5,
   "gpu": true,
   "data_access": "open_or_public_signal",
   "n_solutions": 1,
   "best_points": 1,
   "best_max": 10,
   "reproduced_any": true,
   "reproduced_full": false,
   "kate_covered": false
  },
  {
   "orid": "pvq2AhjOy1",
   "title": "Single-Rollout Hidden-State Dynamics for Training-Free RLVR Data Selection",
   "area": "Theory",
   "n_claims": 5,
   "gpu": false,
   "data_access": "open_or_public_signal",
   "n_solutions": 1,
   "best_points": 3,
   "best_max": 10,
   "reproduced_any": true,
   "reproduced_full": false,
   "kate_covered": false
  },
  {
   "orid": "en3Ws2v1Ts",
   "title": "Sobolev Regularized Score Difference Estimation in Diffusion Models",
   "area": "Theory",
   "n_claims": 0,
   "gpu": true,
   "data_access": "theory_or_no_external_data",
   "n_solutions": 0,
   "best_points": 0,
   "best_max": 0,
   "reproduced_any": false,
   "reproduced_full": false,
   "kate_covered": false
  },
  {
   "orid": "3tlaoBZrSg",
   "title": "Subgroup Discovery with the Cox Model",
   "area": "Theory",
   "n_claims": 6,
   "gpu": false,
   "data_access": "open_or_public_signal",
   "n_solutions": 2,
   "best_points": 6,
   "best_max": 12,
   "reproduced_any": true,
   "reproduced_full": false,
   "kate_covered": true
  },
  {
   "orid": "4CwO8At8Hw",
   "title": "The Catastrophic Failure of *the* k-Means Algorithm in High Dimensions, and How Hartigan's Algorithm Avoids It",
   "area": "Theory",
   "n_claims": 6,
   "gpu": false,
   "data_access": "open_or_public_signal",
   "n_solutions": 18,
   "best_points": 12,
   "best_max": 12,
   "reproduced_any": true,
   "reproduced_full": true,
   "kate_covered": false
  },
  {
   "orid": "iS47CGV3Ts",
   "title": "The Pareto-optimal Trade-off between Regret and Statistical Inference in Linear Stochastic Bandits under Safety Constraints",
   "area": "Theory",
   "n_claims": 0,
   "gpu": false,
   "data_access": "theory_or_no_external_data",
   "n_solutions": 1,
   "best_points": 2,
   "best_max": 6,
   "reproduced_any": true,
   "reproduced_full": false,
   "kate_covered": false
  },
  {
   "orid": "DDNQOnaRQk",
   "title": "Trajectory Seriation via Spectral Tangent Alignment and Global Embedding",
   "area": "Theory",
   "n_claims": 0,
   "gpu": false,
   "data_access": "open_or_public_signal",
   "n_solutions": 0,
   "best_points": 0,
   "best_max": 0,
   "reproduced_any": false,
   "reproduced_full": false,
   "kate_covered": false
  }
 ]
}